<?xml version="1.0" encoding="UTF-8"?>
<robot generator="Robot 3.0.2 (Python 3.6.1 on linux)" generated="20180223 16:20:51.775">
<suite id="s1" name="Get" source="/home/bogdan/Programming/PycharmProjects/Peter-Service_Autotests/HttpbinTestSuit/Get.robot">
<test id="s1-t1" name="Contain headers">
<kw name="GET request should contain headers">
<arguments>
<arg>&amp;{EMPTY}</arg>
</arguments>
<kw name="When send GET request with headers" library="HttpbinLibrary">
<arguments>
<arg>&amp;{headers}</arg>
</arguments>
<status status="PASS" starttime="20180223 16:20:51.999" endtime="20180223 16:20:52.381"></status>
</kw>
<kw name="Then status code should be" library="HttpbinLibrary">
<arguments>
<arg>${OK}</arg>
</arguments>
<status status="PASS" starttime="20180223 16:20:52.382" endtime="20180223 16:20:52.382"></status>
</kw>
<kw name="and response body should contain headers" library="HttpbinLibrary">
<arguments>
<arg>&amp;{headers}</arg>
</arguments>
<status status="PASS" starttime="20180223 16:20:52.383" endtime="20180223 16:20:52.383"></status>
</kw>
<status status="PASS" starttime="20180223 16:20:51.998" endtime="20180223 16:20:52.383"></status>
</kw>
<kw name="GET request should contain headers">
<arguments>
<arg>test-header=Some Data</arg>
</arguments>
<kw name="When send GET request with headers" library="HttpbinLibrary">
<arguments>
<arg>&amp;{headers}</arg>
</arguments>
<status status="PASS" starttime="20180223 16:20:52.384" endtime="20180223 16:20:52.696"></status>
</kw>
<kw name="Then status code should be" library="HttpbinLibrary">
<arguments>
<arg>${OK}</arg>
</arguments>
<status status="PASS" starttime="20180223 16:20:52.697" endtime="20180223 16:20:52.697"></status>
</kw>
<kw name="and response body should contain headers" library="HttpbinLibrary">
<arguments>
<arg>&amp;{headers}</arg>
</arguments>
<status status="PASS" starttime="20180223 16:20:52.698" endtime="20180223 16:20:52.698"></status>
</kw>
<status status="PASS" starttime="20180223 16:20:52.384" endtime="20180223 16:20:52.699"></status>
</kw>
<kw name="GET request should contain headers">
<arguments>
<arg>Hello=World</arg>
<arg>My-test-name=Contain headers</arg>
</arguments>
<kw name="When send GET request with headers" library="HttpbinLibrary">
<arguments>
<arg>&amp;{headers}</arg>
</arguments>
<status status="PASS" starttime="20180223 16:20:52.700" endtime="20180223 16:20:53.016"></status>
</kw>
<kw name="Then status code should be" library="HttpbinLibrary">
<arguments>
<arg>${OK}</arg>
</arguments>
<status status="PASS" starttime="20180223 16:20:53.017" endtime="20180223 16:20:53.017"></status>
</kw>
<kw name="and response body should contain headers" library="HttpbinLibrary">
<arguments>
<arg>&amp;{headers}</arg>
</arguments>
<status status="PASS" starttime="20180223 16:20:53.018" endtime="20180223 16:20:53.019"></status>
</kw>
<status status="PASS" starttime="20180223 16:20:52.699" endtime="20180223 16:20:53.019"></status>
</kw>
<kw name="GET request should contain headers">
<arguments>
<arg>h1=1</arg>
<arg>h2=2</arg>
<arg>h3=3</arg>
<arg>h4=4</arg>
<arg>h5=5</arg>
<arg>h6=6</arg>
<arg>h7=7</arg>
</arguments>
<kw name="When send GET request with headers" library="HttpbinLibrary">
<arguments>
<arg>&amp;{headers}</arg>
</arguments>
<status status="PASS" starttime="20180223 16:20:53.021" endtime="20180223 16:20:53.336"></status>
</kw>
<kw name="Then status code should be" library="HttpbinLibrary">
<arguments>
<arg>${OK}</arg>
</arguments>
<status status="PASS" starttime="20180223 16:20:53.336" endtime="20180223 16:20:53.337"></status>
</kw>
<kw name="and response body should contain headers" library="HttpbinLibrary">
<arguments>
<arg>&amp;{headers}</arg>
</arguments>
<status status="PASS" starttime="20180223 16:20:53.337" endtime="20180223 16:20:53.338"></status>
</kw>
<status status="PASS" starttime="20180223 16:20:53.020" endtime="20180223 16:20:53.338"></status>
</kw>
<kw name="GET request should contain headers">
<arguments>
<arg>Some-long-long-long-long-long-long-long-long-long-long-long-long-long-long-long-long-long-long-long-long-long-long-long-long-long-long-long-long-long-long-header=Some long long long long long long long long long long long long long long long long long long long long long long long long long long long long long long long long long long long long long long long long long long long long long value</arg>
</arguments>
<kw name="When send GET request with headers" library="HttpbinLibrary">
<arguments>
<arg>&amp;{headers}</arg>
</arguments>
<status status="PASS" starttime="20180223 16:20:53.340" endtime="20180223 16:20:53.656"></status>
</kw>
<kw name="Then status code should be" library="HttpbinLibrary">
<arguments>
<arg>${OK}</arg>
</arguments>
<status status="PASS" starttime="20180223 16:20:53.656" endtime="20180223 16:20:53.657"></status>
</kw>
<kw name="and response body should contain headers" library="HttpbinLibrary">
<arguments>
<arg>&amp;{headers}</arg>
</arguments>
<status status="PASS" starttime="20180223 16:20:53.657" endtime="20180223 16:20:53.658"></status>
</kw>
<status status="PASS" starttime="20180223 16:20:53.339" endtime="20180223 16:20:53.658"></status>
</kw>
<status status="PASS" starttime="20180223 16:20:51.997" endtime="20180223 16:20:53.659" critical="yes"></status>
</test>
<test id="s1-t2" name="Not contain headers">
<kw name="GET request should not contain headers">
<arguments>
<arg>@{EMPTY}</arg>
</arguments>
<kw name="When send GET request with headers" library="HttpbinLibrary">
<status status="PASS" starttime="20180223 16:20:53.662" endtime="20180223 16:20:53.984"></status>
</kw>
<kw name="Then status code should be" library="HttpbinLibrary">
<arguments>
<arg>${OK}</arg>
</arguments>
<status status="PASS" starttime="20180223 16:20:53.985" endtime="20180223 16:20:53.985"></status>
</kw>
<kw name="and response body should not contain headers" library="HttpbinLibrary">
<arguments>
<arg>@{headers_names}</arg>
</arguments>
<msg timestamp="20180223 16:20:53.986" level="INFO">()</msg>
<status status="PASS" starttime="20180223 16:20:53.986" endtime="20180223 16:20:53.986"></status>
</kw>
<status status="PASS" starttime="20180223 16:20:53.661" endtime="20180223 16:20:53.987"></status>
</kw>
<kw name="GET request should not contain headers">
<arguments>
<arg>olol</arg>
</arguments>
<kw name="When send GET request with headers" library="HttpbinLibrary">
<status status="PASS" starttime="20180223 16:20:53.988" endtime="20180223 16:20:54.316"></status>
</kw>
<kw name="Then status code should be" library="HttpbinLibrary">
<arguments>
<arg>${OK}</arg>
</arguments>
<status status="PASS" starttime="20180223 16:20:54.316" endtime="20180223 16:20:54.317"></status>
</kw>
<kw name="and response body should not contain headers" library="HttpbinLibrary">
<arguments>
<arg>@{headers_names}</arg>
</arguments>
<msg timestamp="20180223 16:20:54.318" level="INFO">('olol',)</msg>
<status status="PASS" starttime="20180223 16:20:54.317" endtime="20180223 16:20:54.319"></status>
</kw>
<status status="PASS" starttime="20180223 16:20:53.987" endtime="20180223 16:20:54.319"></status>
</kw>
<kw name="GET request should not contain headers">
<arguments>
<arg>privet-omlet</arg>
<arg>kuku</arg>
</arguments>
<kw name="When send GET request with headers" library="HttpbinLibrary">
<status status="PASS" starttime="20180223 16:20:54.321" endtime="20180223 16:20:54.638"></status>
</kw>
<kw name="Then status code should be" library="HttpbinLibrary">
<arguments>
<arg>${OK}</arg>
</arguments>
<status status="PASS" starttime="20180223 16:20:54.638" endtime="20180223 16:20:54.640"></status>
</kw>
<kw name="and response body should not contain headers" library="HttpbinLibrary">
<arguments>
<arg>@{headers_names}</arg>
</arguments>
<msg timestamp="20180223 16:20:54.642" level="INFO">('privet-omlet', 'kuku')</msg>
<status status="PASS" starttime="20180223 16:20:54.641" endtime="20180223 16:20:54.642"></status>
</kw>
<status status="PASS" starttime="20180223 16:20:54.320" endtime="20180223 16:20:54.643"></status>
</kw>
<kw name="GET request should not contain headers">
<arguments>
<arg>h1</arg>
<arg>h2</arg>
<arg>h3</arg>
<arg>h4</arg>
<arg>h5</arg>
<arg>h6</arg>
<arg>h7</arg>
</arguments>
<kw name="When send GET request with headers" library="HttpbinLibrary">
<status status="PASS" starttime="20180223 16:20:54.646" endtime="20180223 16:20:54.973"></status>
</kw>
<kw name="Then status code should be" library="HttpbinLibrary">
<arguments>
<arg>${OK}</arg>
</arguments>
<status status="PASS" starttime="20180223 16:20:54.973" endtime="20180223 16:20:54.974"></status>
</kw>
<kw name="and response body should not contain headers" library="HttpbinLibrary">
<arguments>
<arg>@{headers_names}</arg>
</arguments>
<msg timestamp="20180223 16:20:54.975" level="INFO">('h1', 'h2', 'h3', 'h4', 'h5', 'h6', 'h7')</msg>
<status status="PASS" starttime="20180223 16:20:54.974" endtime="20180223 16:20:54.975"></status>
</kw>
<status status="PASS" starttime="20180223 16:20:54.644" endtime="20180223 16:20:54.976"></status>
</kw>
<status status="PASS" starttime="20180223 16:20:53.660" endtime="20180223 16:20:54.976" critical="yes"></status>
</test>
<test id="s1-t3" name="Default headers">
<kw name="GET request should contain default headers">
<arguments>
<arg>Host=httpbin.org</arg>
<arg>User-Agent=python-requests/2.18.4</arg>
</arguments>
<kw name="When send GET request with headers" library="HttpbinLibrary">
<status status="PASS" starttime="20180223 16:20:54.979" endtime="20180223 16:20:55.316"></status>
</kw>
<kw name="Then status code should be" library="HttpbinLibrary">
<arguments>
<arg>${OK}</arg>
</arguments>
<status status="PASS" starttime="20180223 16:20:55.317" endtime="20180223 16:20:55.317"></status>
</kw>
<kw name="and response body should contain headers" library="HttpbinLibrary">
<arguments>
<arg>&amp;{headers}</arg>
</arguments>
<status status="PASS" starttime="20180223 16:20:55.318" endtime="20180223 16:20:55.319"></status>
</kw>
<status status="PASS" starttime="20180223 16:20:54.978" endtime="20180223 16:20:55.319"></status>
</kw>
<kw name="GET request should contain default headers">
<arguments>
<arg>hOsT=httpbin.org</arg>
<arg>uSeR-aGeNt=python-requests/2.18.4</arg>
</arguments>
<kw name="When send GET request with headers" library="HttpbinLibrary">
<status status="PASS" starttime="20180223 16:20:55.321" endtime="20180223 16:20:55.631"></status>
</kw>
<kw name="Then status code should be" library="HttpbinLibrary">
<arguments>
<arg>${OK}</arg>
</arguments>
<status status="PASS" starttime="20180223 16:20:55.632" endtime="20180223 16:20:55.633"></status>
</kw>
<kw name="and response body should contain headers" library="HttpbinLibrary">
<arguments>
<arg>&amp;{headers}</arg>
</arguments>
<status status="PASS" starttime="20180223 16:20:55.633" endtime="20180223 16:20:55.634"></status>
</kw>
<status status="PASS" starttime="20180223 16:20:55.320" endtime="20180223 16:20:55.634"></status>
</kw>
<status status="PASS" starttime="20180223 16:20:54.977" endtime="20180223 16:20:55.634" critical="yes"></status>
</test>
<status status="PASS" starttime="20180223 16:20:51.778" endtime="20180223 16:20:55.636"></status>
</suite>
<statistics>
<total>
<stat pass="3" fail="0">Critical Tests</stat>
<stat pass="3" fail="0">All Tests</stat>
</total>
<tag>
</tag>
<suite>
<stat pass="3" fail="0" id="s1" name="Get">Get</stat>
</suite>
</statistics>
<errors>
</errors>
</robot>
