<?xml version="1.0" encoding="UTF-8"?>
<robot generator="Robot 3.0.2 (Python 3.6.1 on linux)" generated="20180305 00:41:03.741">
<suite id="s1" name="Httpbin Testsuit" source="/home/bogdan/Programming/PycharmProjects/Peter-Service_Autotests/httpbin_testsuit">
<suite id="s1-s1" name="Authenticate" source="/home/bogdan/Programming/PycharmProjects/Peter-Service_Autotests/httpbin_testsuit/authenticate.robot">
<test id="s1-s1-t1" name="Successful authentication">
<kw name="Authentication ${VALID_USERNAME}/${VALID_PASSWORD} should success">
<msg timestamp="20180305 00:41:03.947" level="TRACE">Arguments: [ ${user}='Andrew' | ${password}='5eCRe7' ]</msg>
<kw name="When authenticate ${user}/${password} as ${user}/${password}" library="httpbin_library.HttpbinLibrary">
<doc>Send GET request that require HTTP Basic authentication.</doc>
<msg timestamp="20180305 00:41:03.948" level="TRACE">Arguments: [ 'Andrew' | '5eCRe7' | 'Andrew' | '5eCRe7' ]</msg>
<msg timestamp="20180305 00:41:03.954" level="DEBUG">Starting new HTTP connection (1): httpbin.org</msg>
<msg timestamp="20180305 00:41:04.399" level="DEBUG">http://httpbin.org:80 "GET /basic-auth/Andrew/5eCRe7 HTTP/1.1" 200 49</msg>
<msg timestamp="20180305 00:41:04.402" level="INFO">Status code: 200</msg>
<msg timestamp="20180305 00:41:04.403" level="DEBUG">Headers:
{'Connection': 'keep-alive', 'Server': 'meinheld/0.6.1', 'Date': 'Sun, 04 Mar 2018 21:41:03 GMT', 'Content-Type': 'application/json', 'Access-Control-Allow-Origin': '*', 'Access-Control-Allow-Credentials': 'true', 'X-Powered-By': 'Flask', 'X-Processed-Time': '0', 'Content-Length': '49', 'Via': '1.1 vegur'}</msg>
<msg timestamp="20180305 00:41:04.403" level="DEBUG">Response body:
{
  "authenticated": true, 
  "user": "Andrew"
}
</msg>
<msg timestamp="20180305 00:41:04.404" level="TRACE">Hexadecimal response body:
7b0a20202261757468656e74696361746564223a20747275652c200a20202275736572223a2022416e64726577220a7d0a</msg>
<msg timestamp="20180305 00:41:04.404" level="TRACE">Return: None</msg>
<status status="PASS" starttime="20180305 00:41:03.948" endtime="20180305 00:41:04.404"></status>
</kw>
<kw name="Then status code should be" library="httpbin_library.HttpbinLibrary">
<doc>Check if response status code is as expected.</doc>
<arguments>
<arg>${OK}</arg>
</arguments>
<msg timestamp="20180305 00:41:04.406" level="TRACE">Arguments: [ '200' ]</msg>
<msg timestamp="20180305 00:41:04.407" level="DEBUG">Expected status code: 200</msg>
<msg timestamp="20180305 00:41:04.407" level="DEBUG">Actual status code: 200</msg>
<msg timestamp="20180305 00:41:04.408" level="INFO">Response status code is as expected.</msg>
<msg timestamp="20180305 00:41:04.408" level="TRACE">Return: None</msg>
<status status="PASS" starttime="20180305 00:41:04.405" endtime="20180305 00:41:04.408"></status>
</kw>
<kw name="and user ${user} should be authenticated" library="httpbin_library.HttpbinLibrary">
<doc>Check if user is authenticated and username is correct.</doc>
<msg timestamp="20180305 00:41:04.413" level="TRACE">Arguments: [ 'Andrew' ]</msg>
<msg timestamp="20180305 00:41:04.414" level="INFO">User is authenticated.</msg>
<msg timestamp="20180305 00:41:04.414" level="DEBUG">Expected username: Andrew</msg>
<msg timestamp="20180305 00:41:04.415" level="DEBUG">Actual username: Andrew</msg>
<msg timestamp="20180305 00:41:04.415" level="INFO">Username is correct.</msg>
<msg timestamp="20180305 00:41:04.415" level="TRACE">Return: None</msg>
<status status="PASS" starttime="20180305 00:41:04.410" endtime="20180305 00:41:04.416"></status>
</kw>
<msg timestamp="20180305 00:41:04.416" level="TRACE">Return: None</msg>
<status status="PASS" starttime="20180305 00:41:03.946" endtime="20180305 00:41:04.417"></status>
</kw>
<kw name="Authentication ${VALID_USERNAME}/${VALID_USERNAME} should success">
<msg timestamp="20180305 00:41:04.419" level="TRACE">Arguments: [ ${user}='Andrew' | ${password}='Andrew' ]</msg>
<kw name="When authenticate ${user}/${password} as ${user}/${password}" library="httpbin_library.HttpbinLibrary">
<doc>Send GET request that require HTTP Basic authentication.</doc>
<msg timestamp="20180305 00:41:04.420" level="TRACE">Arguments: [ 'Andrew' | 'Andrew' | 'Andrew' | 'Andrew' ]</msg>
<msg timestamp="20180305 00:41:04.426" level="DEBUG">Starting new HTTP connection (1): httpbin.org</msg>
<msg timestamp="20180305 00:41:04.742" level="DEBUG">http://httpbin.org:80 "GET /basic-auth/Andrew/Andrew HTTP/1.1" 200 49</msg>
<msg timestamp="20180305 00:41:04.743" level="INFO">Status code: 200</msg>
<msg timestamp="20180305 00:41:04.744" level="DEBUG">Headers:
{'Connection': 'keep-alive', 'Server': 'meinheld/0.6.1', 'Date': 'Sun, 04 Mar 2018 21:41:04 GMT', 'Content-Type': 'application/json', 'Access-Control-Allow-Origin': '*', 'Access-Control-Allow-Credentials': 'true', 'X-Powered-By': 'Flask', 'X-Processed-Time': '0', 'Content-Length': '49', 'Via': '1.1 vegur'}</msg>
<msg timestamp="20180305 00:41:04.744" level="DEBUG">Response body:
{
  "authenticated": true, 
  "user": "Andrew"
}
</msg>
<msg timestamp="20180305 00:41:04.744" level="TRACE">Hexadecimal response body:
7b0a20202261757468656e74696361746564223a20747275652c200a20202275736572223a2022416e64726577220a7d0a</msg>
<msg timestamp="20180305 00:41:04.745" level="TRACE">Return: None</msg>
<status status="PASS" starttime="20180305 00:41:04.420" endtime="20180305 00:41:04.745"></status>
</kw>
<kw name="Then status code should be" library="httpbin_library.HttpbinLibrary">
<doc>Check if response status code is as expected.</doc>
<arguments>
<arg>${OK}</arg>
</arguments>
<msg timestamp="20180305 00:41:04.746" level="TRACE">Arguments: [ '200' ]</msg>
<msg timestamp="20180305 00:41:04.747" level="DEBUG">Expected status code: 200</msg>
<msg timestamp="20180305 00:41:04.747" level="DEBUG">Actual status code: 200</msg>
<msg timestamp="20180305 00:41:04.747" level="INFO">Response status code is as expected.</msg>
<msg timestamp="20180305 00:41:04.748" level="TRACE">Return: None</msg>
<status status="PASS" starttime="20180305 00:41:04.746" endtime="20180305 00:41:04.748"></status>
</kw>
<kw name="and user ${user} should be authenticated" library="httpbin_library.HttpbinLibrary">
<doc>Check if user is authenticated and username is correct.</doc>
<msg timestamp="20180305 00:41:04.749" level="TRACE">Arguments: [ 'Andrew' ]</msg>
<msg timestamp="20180305 00:41:04.750" level="INFO">User is authenticated.</msg>
<msg timestamp="20180305 00:41:04.750" level="DEBUG">Expected username: Andrew</msg>
<msg timestamp="20180305 00:41:04.750" level="DEBUG">Actual username: Andrew</msg>
<msg timestamp="20180305 00:41:04.750" level="INFO">Username is correct.</msg>
<msg timestamp="20180305 00:41:04.750" level="TRACE">Return: None</msg>
<status status="PASS" starttime="20180305 00:41:04.749" endtime="20180305 00:41:04.751"></status>
</kw>
<msg timestamp="20180305 00:41:04.751" level="TRACE">Return: None</msg>
<status status="PASS" starttime="20180305 00:41:04.418" endtime="20180305 00:41:04.751"></status>
</kw>
<kw name="Authentication ${VALID_PASSWORD}/${VALID_PASSWORD} should success">
<msg timestamp="20180305 00:41:04.752" level="TRACE">Arguments: [ ${user}='5eCRe7' | ${password}='5eCRe7' ]</msg>
<kw name="When authenticate ${user}/${password} as ${user}/${password}" library="httpbin_library.HttpbinLibrary">
<doc>Send GET request that require HTTP Basic authentication.</doc>
<msg timestamp="20180305 00:41:04.754" level="TRACE">Arguments: [ '5eCRe7' | '5eCRe7' | '5eCRe7' | '5eCRe7' ]</msg>
<msg timestamp="20180305 00:41:04.758" level="DEBUG">Starting new HTTP connection (1): httpbin.org</msg>
<msg timestamp="20180305 00:41:05.074" level="DEBUG">http://httpbin.org:80 "GET /basic-auth/5eCRe7/5eCRe7 HTTP/1.1" 200 49</msg>
<msg timestamp="20180305 00:41:05.075" level="INFO">Status code: 200</msg>
<msg timestamp="20180305 00:41:05.076" level="DEBUG">Headers:
{'Connection': 'keep-alive', 'Server': 'meinheld/0.6.1', 'Date': 'Sun, 04 Mar 2018 21:41:04 GMT', 'Content-Type': 'application/json', 'Access-Control-Allow-Origin': '*', 'Access-Control-Allow-Credentials': 'true', 'X-Powered-By': 'Flask', 'X-Processed-Time': '0', 'Content-Length': '49', 'Via': '1.1 vegur'}</msg>
<msg timestamp="20180305 00:41:05.076" level="DEBUG">Response body:
{
  "authenticated": true, 
  "user": "5eCRe7"
}
</msg>
<msg timestamp="20180305 00:41:05.076" level="TRACE">Hexadecimal response body:
7b0a20202261757468656e74696361746564223a20747275652c200a20202275736572223a2022356543526537220a7d0a</msg>
<msg timestamp="20180305 00:41:05.076" level="TRACE">Return: None</msg>
<status status="PASS" starttime="20180305 00:41:04.753" endtime="20180305 00:41:05.077"></status>
</kw>
<kw name="Then status code should be" library="httpbin_library.HttpbinLibrary">
<doc>Check if response status code is as expected.</doc>
<arguments>
<arg>${OK}</arg>
</arguments>
<msg timestamp="20180305 00:41:05.078" level="TRACE">Arguments: [ '200' ]</msg>
<msg timestamp="20180305 00:41:05.078" level="DEBUG">Expected status code: 200</msg>
<msg timestamp="20180305 00:41:05.078" level="DEBUG">Actual status code: 200</msg>
<msg timestamp="20180305 00:41:05.078" level="INFO">Response status code is as expected.</msg>
<msg timestamp="20180305 00:41:05.078" level="TRACE">Return: None</msg>
<status status="PASS" starttime="20180305 00:41:05.077" endtime="20180305 00:41:05.079"></status>
</kw>
<kw name="and user ${user} should be authenticated" library="httpbin_library.HttpbinLibrary">
<doc>Check if user is authenticated and username is correct.</doc>
<msg timestamp="20180305 00:41:05.080" level="TRACE">Arguments: [ '5eCRe7' ]</msg>
<msg timestamp="20180305 00:41:05.080" level="INFO">User is authenticated.</msg>
<msg timestamp="20180305 00:41:05.080" level="DEBUG">Expected username: 5eCRe7</msg>
<msg timestamp="20180305 00:41:05.080" level="DEBUG">Actual username: 5eCRe7</msg>
<msg timestamp="20180305 00:41:05.080" level="INFO">Username is correct.</msg>
<msg timestamp="20180305 00:41:05.080" level="TRACE">Return: None</msg>
<status status="PASS" starttime="20180305 00:41:05.079" endtime="20180305 00:41:05.081"></status>
</kw>
<msg timestamp="20180305 00:41:05.081" level="TRACE">Return: None</msg>
<status status="PASS" starttime="20180305 00:41:04.751" endtime="20180305 00:41:05.081"></status>
</kw>
<kw name="Authentication ${USERNAME_CHARACTERS}/${VALID_PASSWORD} should success">
<msg timestamp="20180305 00:41:05.082" level="TRACE">Arguments: [ ${user}='!@#$^&amp;*()_+-=,.&lt;&gt;?;\'"[]{}\\| ' | ${password}='5eCRe7' ]</msg>
<kw name="When authenticate ${user}/${password} as ${user}/${password}" library="httpbin_library.HttpbinLibrary">
<doc>Send GET request that require HTTP Basic authentication.</doc>
<msg timestamp="20180305 00:41:05.084" level="TRACE">Arguments: [ '!@#$^&amp;*()_+-=,.&lt;&gt;?;\'"[]{}\\| ' | '5eCRe7' | '!@#$^&amp;*()_+-=,.&lt;&gt;?;\'"[]{}\\| ' | '5eCRe7' ]</msg>
<msg timestamp="20180305 00:41:05.092" level="DEBUG">Starting new HTTP connection (1): httpbin.org</msg>
<msg timestamp="20180305 00:41:05.415" level="DEBUG">http://httpbin.org:80 "GET /basic-auth/%21%40%23%24%5E%26%2A%28%29_%2B-%3D%2C.%3C%3E%3F%3B%27%22%5B%5D%7B%7D%5C%7C%20/5eCRe7 HTTP/1.1" 200 73</msg>
<msg timestamp="20180305 00:41:05.417" level="INFO">Status code: 200</msg>
<msg timestamp="20180305 00:41:05.417" level="DEBUG">Headers:
{'Connection': 'keep-alive', 'Server': 'meinheld/0.6.1', 'Date': 'Sun, 04 Mar 2018 21:41:05 GMT', 'Content-Type': 'application/json', 'Access-Control-Allow-Origin': '*', 'Access-Control-Allow-Credentials': 'true', 'X-Powered-By': 'Flask', 'X-Processed-Time': '0', 'Content-Length': '73', 'Via': '1.1 vegur'}</msg>
<msg timestamp="20180305 00:41:05.418" level="DEBUG">Response body:
{
  "authenticated": true, 
  "user": "!@#$^&amp;*()_+-=,.&lt;&gt;?;'\"[]{}\\| "
}
</msg>
<msg timestamp="20180305 00:41:05.418" level="TRACE">Hexadecimal response body:
7b0a20202261757468656e74696361746564223a20747275652c200a20202275736572223a2022214023245e262a28295f2b2d3d2c2e3c3e3f3b275c225b5d7b7d5c5c7c20220a7d0a</msg>
<msg timestamp="20180305 00:41:05.418" level="TRACE">Return: None</msg>
<status status="PASS" starttime="20180305 00:41:05.083" endtime="20180305 00:41:05.419"></status>
</kw>
<kw name="Then status code should be" library="httpbin_library.HttpbinLibrary">
<doc>Check if response status code is as expected.</doc>
<arguments>
<arg>${OK}</arg>
</arguments>
<msg timestamp="20180305 00:41:05.420" level="TRACE">Arguments: [ '200' ]</msg>
<msg timestamp="20180305 00:41:05.421" level="DEBUG">Expected status code: 200</msg>
<msg timestamp="20180305 00:41:05.421" level="DEBUG">Actual status code: 200</msg>
<msg timestamp="20180305 00:41:05.421" level="INFO">Response status code is as expected.</msg>
<msg timestamp="20180305 00:41:05.421" level="TRACE">Return: None</msg>
<status status="PASS" starttime="20180305 00:41:05.420" endtime="20180305 00:41:05.422"></status>
</kw>
<kw name="and user ${user} should be authenticated" library="httpbin_library.HttpbinLibrary">
<doc>Check if user is authenticated and username is correct.</doc>
<msg timestamp="20180305 00:41:05.423" level="TRACE">Arguments: [ '!@#$^&amp;*()_+-=,.&lt;&gt;?;\'"[]{}\\| ' ]</msg>
<msg timestamp="20180305 00:41:05.424" level="INFO">User is authenticated.</msg>
<msg timestamp="20180305 00:41:05.424" level="DEBUG">Expected username: !@#$^&amp;*()_+-=,.&lt;&gt;?;'"[]{}\| </msg>
<msg timestamp="20180305 00:41:05.424" level="DEBUG">Actual username: !@#$^&amp;*()_+-=,.&lt;&gt;?;'"[]{}\| </msg>
<msg timestamp="20180305 00:41:05.424" level="INFO">Username is correct.</msg>
<msg timestamp="20180305 00:41:05.424" level="TRACE">Return: None</msg>
<status status="PASS" starttime="20180305 00:41:05.423" endtime="20180305 00:41:05.424"></status>
</kw>
<msg timestamp="20180305 00:41:05.425" level="TRACE">Return: None</msg>
<status status="PASS" starttime="20180305 00:41:05.082" endtime="20180305 00:41:05.425"></status>
</kw>
<kw name="Authentication ${VALID_USERNAME}/${PASSWORD_CHARACTERS} should success">
<msg timestamp="20180305 00:41:05.426" level="TRACE">Arguments: [ ${user}='Andrew' | ${password}='!@#$^&amp;*()_+-=,.&lt;&gt;?;:\'"[]{}\\| ' ]</msg>
<kw name="When authenticate ${user}/${password} as ${user}/${password}" library="httpbin_library.HttpbinLibrary">
<doc>Send GET request that require HTTP Basic authentication.</doc>
<msg timestamp="20180305 00:41:05.428" level="TRACE">Arguments: [ 'Andrew' | '!@#$^&amp;*()_+-=,.&lt;&gt;?;:\'"[]{}\\| ' | 'Andrew' | '!@#$^&amp;*()_+-=,.&lt;&gt;?;:\'"[]{}\\| ' ]</msg>
<msg timestamp="20180305 00:41:05.434" level="DEBUG">Starting new HTTP connection (1): httpbin.org</msg>
<msg timestamp="20180305 00:41:05.759" level="DEBUG">http://httpbin.org:80 "GET /basic-auth/Andrew/%21%40%23%24%5E%26%2A%28%29_%2B-%3D%2C.%3C%3E%3F%3B%3A%27%22%5B%5D%7B%7D%5C%7C%20 HTTP/1.1" 200 49</msg>
<msg timestamp="20180305 00:41:05.762" level="INFO">Status code: 200</msg>
<msg timestamp="20180305 00:41:05.762" level="DEBUG">Headers:
{'Connection': 'keep-alive', 'Server': 'meinheld/0.6.1', 'Date': 'Sun, 04 Mar 2018 21:41:05 GMT', 'Content-Type': 'application/json', 'Access-Control-Allow-Origin': '*', 'Access-Control-Allow-Credentials': 'true', 'X-Powered-By': 'Flask', 'X-Processed-Time': '0', 'Content-Length': '49', 'Via': '1.1 vegur'}</msg>
<msg timestamp="20180305 00:41:05.762" level="DEBUG">Response body:
{
  "authenticated": true, 
  "user": "Andrew"
}
</msg>
<msg timestamp="20180305 00:41:05.763" level="TRACE">Hexadecimal response body:
7b0a20202261757468656e74696361746564223a20747275652c200a20202275736572223a2022416e64726577220a7d0a</msg>
<msg timestamp="20180305 00:41:05.763" level="TRACE">Return: None</msg>
<status status="PASS" starttime="20180305 00:41:05.427" endtime="20180305 00:41:05.763"></status>
</kw>
<kw name="Then status code should be" library="httpbin_library.HttpbinLibrary">
<doc>Check if response status code is as expected.</doc>
<arguments>
<arg>${OK}</arg>
</arguments>
<msg timestamp="20180305 00:41:05.764" level="TRACE">Arguments: [ '200' ]</msg>
<msg timestamp="20180305 00:41:05.764" level="DEBUG">Expected status code: 200</msg>
<msg timestamp="20180305 00:41:05.764" level="DEBUG">Actual status code: 200</msg>
<msg timestamp="20180305 00:41:05.764" level="INFO">Response status code is as expected.</msg>
<msg timestamp="20180305 00:41:05.765" level="TRACE">Return: None</msg>
<status status="PASS" starttime="20180305 00:41:05.764" endtime="20180305 00:41:05.765"></status>
</kw>
<kw name="and user ${user} should be authenticated" library="httpbin_library.HttpbinLibrary">
<doc>Check if user is authenticated and username is correct.</doc>
<msg timestamp="20180305 00:41:05.766" level="TRACE">Arguments: [ 'Andrew' ]</msg>
<msg timestamp="20180305 00:41:05.766" level="INFO">User is authenticated.</msg>
<msg timestamp="20180305 00:41:05.766" level="DEBUG">Expected username: Andrew</msg>
<msg timestamp="20180305 00:41:05.766" level="DEBUG">Actual username: Andrew</msg>
<msg timestamp="20180305 00:41:05.766" level="INFO">Username is correct.</msg>
<msg timestamp="20180305 00:41:05.766" level="TRACE">Return: None</msg>
<status status="PASS" starttime="20180305 00:41:05.765" endtime="20180305 00:41:05.766"></status>
</kw>
<msg timestamp="20180305 00:41:05.767" level="TRACE">Return: None</msg>
<status status="PASS" starttime="20180305 00:41:05.425" endtime="20180305 00:41:05.767"></status>
</kw>
<kw name="Authentication ${USERNAME_CHARACTERS}/${PASSWORD_CHARACTERS} should success">
<msg timestamp="20180305 00:41:05.768" level="TRACE">Arguments: [ ${user}='!@#$^&amp;*()_+-=,.&lt;&gt;?;\'"[]{}\\| ' | ${password}='!@#$^&amp;*()_+-=,.&lt;&gt;?;:\'"[]{}\\| ' ]</msg>
<kw name="When authenticate ${user}/${password} as ${user}/${password}" library="httpbin_library.HttpbinLibrary">
<doc>Send GET request that require HTTP Basic authentication.</doc>
<msg timestamp="20180305 00:41:05.769" level="TRACE">Arguments: [ '!@#$^&amp;*()_+-=,.&lt;&gt;?;\'"[]{}\\| ' | '!@#$^&amp;*()_+-=,.&lt;&gt;?;:\'"[]{}\\| ' | '!@#$^&amp;*()_+-=,.&lt;&gt;?;\'"[]{}\\| ' | '!@#$^&amp;*()_+-=,.&lt;&gt;?;:\'"[]{}\\| ' ]</msg>
<msg timestamp="20180305 00:41:05.773" level="DEBUG">Starting new HTTP connection (1): httpbin.org</msg>
<msg timestamp="20180305 00:41:06.093" level="DEBUG">http://httpbin.org:80 "GET /basic-auth/%21%40%23%24%5E%26%2A%28%29_%2B-%3D%2C.%3C%3E%3F%3B%27%22%5B%5D%7B%7D%5C%7C%20/%21%40%23%24%5E%26%2A%28%29_%2B-%3D%2C.%3C%3E%3F%3B%3A%27%22%5B%5D%7B%7D%5C%7C%20 HTTP/1.1" 200 73</msg>
<msg timestamp="20180305 00:41:06.096" level="INFO">Status code: 200</msg>
<msg timestamp="20180305 00:41:06.096" level="DEBUG">Headers:
{'Connection': 'keep-alive', 'Server': 'meinheld/0.6.1', 'Date': 'Sun, 04 Mar 2018 21:41:04 GMT', 'Content-Type': 'application/json', 'Access-Control-Allow-Origin': '*', 'Access-Control-Allow-Credentials': 'true', 'X-Powered-By': 'Flask', 'X-Processed-Time': '0', 'Content-Length': '73', 'Via': '1.1 vegur'}</msg>
<msg timestamp="20180305 00:41:06.096" level="DEBUG">Response body:
{
  "authenticated": true, 
  "user": "!@#$^&amp;*()_+-=,.&lt;&gt;?;'\"[]{}\\| "
}
</msg>
<msg timestamp="20180305 00:41:06.097" level="TRACE">Hexadecimal response body:
7b0a20202261757468656e74696361746564223a20747275652c200a20202275736572223a2022214023245e262a28295f2b2d3d2c2e3c3e3f3b275c225b5d7b7d5c5c7c20220a7d0a</msg>
<msg timestamp="20180305 00:41:06.097" level="TRACE">Return: None</msg>
<status status="PASS" starttime="20180305 00:41:05.769" endtime="20180305 00:41:06.097"></status>
</kw>
<kw name="Then status code should be" library="httpbin_library.HttpbinLibrary">
<doc>Check if response status code is as expected.</doc>
<arguments>
<arg>${OK}</arg>
</arguments>
<msg timestamp="20180305 00:41:06.099" level="TRACE">Arguments: [ '200' ]</msg>
<msg timestamp="20180305 00:41:06.099" level="DEBUG">Expected status code: 200</msg>
<msg timestamp="20180305 00:41:06.099" level="DEBUG">Actual status code: 200</msg>
<msg timestamp="20180305 00:41:06.100" level="INFO">Response status code is as expected.</msg>
<msg timestamp="20180305 00:41:06.100" level="TRACE">Return: None</msg>
<status status="PASS" starttime="20180305 00:41:06.098" endtime="20180305 00:41:06.100"></status>
</kw>
<kw name="and user ${user} should be authenticated" library="httpbin_library.HttpbinLibrary">
<doc>Check if user is authenticated and username is correct.</doc>
<msg timestamp="20180305 00:41:06.102" level="TRACE">Arguments: [ '!@#$^&amp;*()_+-=,.&lt;&gt;?;\'"[]{}\\| ' ]</msg>
<msg timestamp="20180305 00:41:06.102" level="INFO">User is authenticated.</msg>
<msg timestamp="20180305 00:41:06.102" level="DEBUG">Expected username: !@#$^&amp;*()_+-=,.&lt;&gt;?;'"[]{}\| </msg>
<msg timestamp="20180305 00:41:06.102" level="DEBUG">Actual username: !@#$^&amp;*()_+-=,.&lt;&gt;?;'"[]{}\| </msg>
<msg timestamp="20180305 00:41:06.103" level="INFO">Username is correct.</msg>
<msg timestamp="20180305 00:41:06.103" level="TRACE">Return: None</msg>
<status status="PASS" starttime="20180305 00:41:06.101" endtime="20180305 00:41:06.103"></status>
</kw>
<msg timestamp="20180305 00:41:06.104" level="TRACE">Return: None</msg>
<status status="PASS" starttime="20180305 00:41:05.767" endtime="20180305 00:41:06.104"></status>
</kw>
<status status="PASS" starttime="20180305 00:41:03.945" endtime="20180305 00:41:06.105" critical="yes"></status>
</test>
<test id="s1-s1-t2" name="Failed authentication">
<kw name="Authentication ${VALID_USERNAME}/${VALID_PASSWORD} as ${INVALID_USERNAME}/${VALID_PASSWORD} should fail">
<msg timestamp="20180305 00:41:06.110" level="TRACE">Arguments: [ ${correct_user}='Andrew' | ${correct_password}='5eCRe7' | ${entered_user}='andreV' | ${entered_password}='5eCRe7' ]</msg>
<kw name="When authenticate ${correct_user}/${correct_password} as ${entered_user}/${entered_password}" library="httpbin_library.HttpbinLibrary">
<doc>Send GET request that require HTTP Basic authentication.</doc>
<msg timestamp="20180305 00:41:06.113" level="TRACE">Arguments: [ 'Andrew' | '5eCRe7' | 'andreV' | '5eCRe7' ]</msg>
<msg timestamp="20180305 00:41:06.122" level="DEBUG">Starting new HTTP connection (1): httpbin.org</msg>
<msg timestamp="20180305 00:41:06.430" level="DEBUG">http://httpbin.org:80 "GET /basic-auth/Andrew/5eCRe7 HTTP/1.1" 401 0</msg>
<msg timestamp="20180305 00:41:06.431" level="INFO">Status code: 401</msg>
<msg timestamp="20180305 00:41:06.431" level="DEBUG">Headers:
{'Connection': 'keep-alive', 'Server': 'meinheld/0.6.1', 'Date': 'Sun, 04 Mar 2018 21:41:06 GMT', 'X-Processed-Time': '0', 'Access-Control-Allow-Origin': '*', 'X-Powered-By': 'Flask', 'Access-Control-Allow-Credentials': 'true', 'Www-Authenticate': 'Basic realm="Fake Realm"', 'Content-Length': '0', 'Via': '1.1 vegur'}</msg>
<msg timestamp="20180305 00:41:06.431" level="DEBUG">Response body:
</msg>
<msg timestamp="20180305 00:41:06.431" level="TRACE">Hexadecimal response body:
</msg>
<msg timestamp="20180305 00:41:06.431" level="TRACE">Return: None</msg>
<status status="PASS" starttime="20180305 00:41:06.112" endtime="20180305 00:41:06.432"></status>
</kw>
<kw name="Then status code should be" library="httpbin_library.HttpbinLibrary">
<doc>Check if response status code is as expected.</doc>
<arguments>
<arg>${UNAUTHORIZED}</arg>
</arguments>
<msg timestamp="20180305 00:41:06.432" level="TRACE">Arguments: [ '401' ]</msg>
<msg timestamp="20180305 00:41:06.433" level="DEBUG">Expected status code: 401</msg>
<msg timestamp="20180305 00:41:06.433" level="DEBUG">Actual status code: 401</msg>
<msg timestamp="20180305 00:41:06.433" level="INFO">Response status code is as expected.</msg>
<msg timestamp="20180305 00:41:06.433" level="TRACE">Return: None</msg>
<status status="PASS" starttime="20180305 00:41:06.432" endtime="20180305 00:41:06.433"></status>
</kw>
<msg timestamp="20180305 00:41:06.433" level="TRACE">Return: None</msg>
<status status="PASS" starttime="20180305 00:41:06.109" endtime="20180305 00:41:06.433"></status>
</kw>
<kw name="Authentication ${VALID_USERNAME}/${VALID_PASSWORD} as ${VALID_USERNAME}/${INVALID_PASSWORD} should fail">
<msg timestamp="20180305 00:41:06.435" level="TRACE">Arguments: [ ${correct_user}='Andrew' | ${correct_password}='5eCRe7' | ${entered_user}='Andrew' | ${entered_password}='SecreT' ]</msg>
<kw name="When authenticate ${correct_user}/${correct_password} as ${entered_user}/${entered_password}" library="httpbin_library.HttpbinLibrary">
<doc>Send GET request that require HTTP Basic authentication.</doc>
<msg timestamp="20180305 00:41:06.436" level="TRACE">Arguments: [ 'Andrew' | '5eCRe7' | 'Andrew' | 'SecreT' ]</msg>
<msg timestamp="20180305 00:41:06.440" level="DEBUG">Starting new HTTP connection (1): httpbin.org</msg>
<msg timestamp="20180305 00:41:06.746" level="DEBUG">http://httpbin.org:80 "GET /basic-auth/Andrew/5eCRe7 HTTP/1.1" 401 0</msg>
<msg timestamp="20180305 00:41:06.748" level="INFO">Status code: 401</msg>
<msg timestamp="20180305 00:41:06.748" level="DEBUG">Headers:
{'Connection': 'keep-alive', 'Server': 'meinheld/0.6.1', 'Date': 'Sun, 04 Mar 2018 21:41:06 GMT', 'X-Processed-Time': '0', 'Access-Control-Allow-Origin': '*', 'X-Powered-By': 'Flask', 'Access-Control-Allow-Credentials': 'true', 'Www-Authenticate': 'Basic realm="Fake Realm"', 'Content-Length': '0', 'Via': '1.1 vegur'}</msg>
<msg timestamp="20180305 00:41:06.749" level="DEBUG">Response body:
</msg>
<msg timestamp="20180305 00:41:06.749" level="TRACE">Hexadecimal response body:
</msg>
<msg timestamp="20180305 00:41:06.749" level="TRACE">Return: None</msg>
<status status="PASS" starttime="20180305 00:41:06.435" endtime="20180305 00:41:06.750"></status>
</kw>
<kw name="Then status code should be" library="httpbin_library.HttpbinLibrary">
<doc>Check if response status code is as expected.</doc>
<arguments>
<arg>${UNAUTHORIZED}</arg>
</arguments>
<msg timestamp="20180305 00:41:06.751" level="TRACE">Arguments: [ '401' ]</msg>
<msg timestamp="20180305 00:41:06.752" level="DEBUG">Expected status code: 401</msg>
<msg timestamp="20180305 00:41:06.752" level="DEBUG">Actual status code: 401</msg>
<msg timestamp="20180305 00:41:06.752" level="INFO">Response status code is as expected.</msg>
<msg timestamp="20180305 00:41:06.752" level="TRACE">Return: None</msg>
<status status="PASS" starttime="20180305 00:41:06.750" endtime="20180305 00:41:06.753"></status>
</kw>
<msg timestamp="20180305 00:41:06.753" level="TRACE">Return: None</msg>
<status status="PASS" starttime="20180305 00:41:06.434" endtime="20180305 00:41:06.753"></status>
</kw>
<kw name="Authentication ${VALID_USERNAME}/${VALID_PASSWORD} as ${INVALID_USERNAME}/${INVALID_PASSWORD} should fail">
<msg timestamp="20180305 00:41:06.757" level="TRACE">Arguments: [ ${correct_user}='Andrew' | ${correct_password}='5eCRe7' | ${entered_user}='andreV' | ${entered_password}='SecreT' ]</msg>
<kw name="When authenticate ${correct_user}/${correct_password} as ${entered_user}/${entered_password}" library="httpbin_library.HttpbinLibrary">
<doc>Send GET request that require HTTP Basic authentication.</doc>
<msg timestamp="20180305 00:41:06.760" level="TRACE">Arguments: [ 'Andrew' | '5eCRe7' | 'andreV' | 'SecreT' ]</msg>
<msg timestamp="20180305 00:41:06.767" level="DEBUG">Starting new HTTP connection (1): httpbin.org</msg>
<msg timestamp="20180305 00:41:07.079" level="DEBUG">http://httpbin.org:80 "GET /basic-auth/Andrew/5eCRe7 HTTP/1.1" 401 0</msg>
<msg timestamp="20180305 00:41:07.081" level="INFO">Status code: 401</msg>
<msg timestamp="20180305 00:41:07.081" level="DEBUG">Headers:
{'Connection': 'keep-alive', 'Server': 'meinheld/0.6.1', 'Date': 'Sun, 04 Mar 2018 21:41:06 GMT', 'X-Processed-Time': '0', 'Access-Control-Allow-Origin': '*', 'X-Powered-By': 'Flask', 'Access-Control-Allow-Credentials': 'true', 'Www-Authenticate': 'Basic realm="Fake Realm"', 'Content-Length': '0', 'Via': '1.1 vegur'}</msg>
<msg timestamp="20180305 00:41:07.082" level="DEBUG">Response body:
</msg>
<msg timestamp="20180305 00:41:07.082" level="TRACE">Hexadecimal response body:
</msg>
<msg timestamp="20180305 00:41:07.082" level="TRACE">Return: None</msg>
<status status="PASS" starttime="20180305 00:41:06.759" endtime="20180305 00:41:07.082"></status>
</kw>
<kw name="Then status code should be" library="httpbin_library.HttpbinLibrary">
<doc>Check if response status code is as expected.</doc>
<arguments>
<arg>${UNAUTHORIZED}</arg>
</arguments>
<msg timestamp="20180305 00:41:07.084" level="TRACE">Arguments: [ '401' ]</msg>
<msg timestamp="20180305 00:41:07.084" level="DEBUG">Expected status code: 401</msg>
<msg timestamp="20180305 00:41:07.085" level="DEBUG">Actual status code: 401</msg>
<msg timestamp="20180305 00:41:07.085" level="INFO">Response status code is as expected.</msg>
<msg timestamp="20180305 00:41:07.085" level="TRACE">Return: None</msg>
<status status="PASS" starttime="20180305 00:41:07.083" endtime="20180305 00:41:07.085"></status>
</kw>
<msg timestamp="20180305 00:41:07.086" level="TRACE">Return: None</msg>
<status status="PASS" starttime="20180305 00:41:06.754" endtime="20180305 00:41:07.086"></status>
</kw>
<status status="PASS" starttime="20180305 00:41:06.106" endtime="20180305 00:41:07.087" critical="yes"></status>
</test>
<test id="s1-s1-t3" name="Invalid authentication request">
<kw name="Authentication ${EMPTY}/${VALID_PASSWORD} should fail">
<msg timestamp="20180305 00:41:07.091" level="TRACE">Arguments: [ ${user}='' | ${password}='5eCRe7' ]</msg>
<kw name="When authenticate ${user}/${password} as ${user}/${password}" library="httpbin_library.HttpbinLibrary">
<doc>Send GET request that require HTTP Basic authentication.</doc>
<msg timestamp="20180305 00:41:07.093" level="TRACE">Arguments: [ '' | '5eCRe7' | '' | '5eCRe7' ]</msg>
<msg timestamp="20180305 00:41:07.100" level="DEBUG">Starting new HTTP connection (1): httpbin.org</msg>
<msg timestamp="20180305 00:41:07.415" level="DEBUG">http://httpbin.org:80 "GET /basic-auth//5eCRe7 HTTP/1.1" 404 233</msg>
<msg timestamp="20180305 00:41:07.416" level="INFO">Status code: 404</msg>
<msg timestamp="20180305 00:41:07.416" level="DEBUG">Headers:
{'Connection': 'keep-alive', 'Server': 'meinheld/0.6.1', 'Date': 'Sun, 04 Mar 2018 21:41:07 GMT', 'Content-Type': 'text/html', 'Content-Length': '233', 'Access-Control-Allow-Origin': '*', 'Access-Control-Allow-Credentials': 'true', 'X-Powered-By': 'Flask', 'X-Processed-Time': '0', 'Via': '1.1 vegur'}</msg>
<msg timestamp="20180305 00:41:07.416" level="DEBUG">Response body:
&lt;!DOCTYPE HTML PUBLIC "-//W3C//DTD HTML 3.2 Final//EN"&gt;
&lt;title&gt;404 Not Found&lt;/title&gt;
&lt;h1&gt;Not Found&lt;/h1&gt;
&lt;p&gt;The requested URL was not found on the server.  If you entered the URL manually please check your spelling and try again.&lt;/p&gt;
</msg>
<msg timestamp="20180305 00:41:07.416" level="TRACE">Hexadecimal response body:
3c21444f43545950452048544d4c205055424c494320222d2f2f5733432f2f4454442048544d4c20332e322046696e616c2f2f454e223e0a3c7469746c653e343034204e6f7420466f756e643c2f7469746c653e0a3c68313e4e6f7420466f756e643c2f68313e0a3c703e546865207265717565737465642055524c20776173206e6f7420666f756e64206f6e20746865207365727665722e2020496620796f7520656e7465726564207468652055524c206d616e75616c6c7920706c6561736520636865636b20796f7572207370656c6c696e6720616e642074727920616761696e2e3c2f703e0a</msg>
<msg timestamp="20180305 00:41:07.416" level="TRACE">Return: None</msg>
<status status="PASS" starttime="20180305 00:41:07.092" endtime="20180305 00:41:07.417"></status>
</kw>
<kw name="Then status code should be" library="httpbin_library.HttpbinLibrary">
<doc>Check if response status code is as expected.</doc>
<arguments>
<arg>${NOT FOUND}</arg>
</arguments>
<msg timestamp="20180305 00:41:07.417" level="TRACE">Arguments: [ '404' ]</msg>
<msg timestamp="20180305 00:41:07.418" level="DEBUG">Expected status code: 404</msg>
<msg timestamp="20180305 00:41:07.418" level="DEBUG">Actual status code: 404</msg>
<msg timestamp="20180305 00:41:07.418" level="INFO">Response status code is as expected.</msg>
<msg timestamp="20180305 00:41:07.418" level="TRACE">Return: None</msg>
<status status="PASS" starttime="20180305 00:41:07.417" endtime="20180305 00:41:07.418"></status>
</kw>
<msg timestamp="20180305 00:41:07.418" level="TRACE">Return: None</msg>
<status status="PASS" starttime="20180305 00:41:07.090" endtime="20180305 00:41:07.418"></status>
</kw>
<kw name="Authentication ${VALID_USERNAME}/${EMPTY} should fail">
<msg timestamp="20180305 00:41:07.419" level="TRACE">Arguments: [ ${user}='Andrew' | ${password}='' ]</msg>
<kw name="When authenticate ${user}/${password} as ${user}/${password}" library="httpbin_library.HttpbinLibrary">
<doc>Send GET request that require HTTP Basic authentication.</doc>
<msg timestamp="20180305 00:41:07.421" level="TRACE">Arguments: [ 'Andrew' | '' | 'Andrew' | '' ]</msg>
<msg timestamp="20180305 00:41:07.425" level="DEBUG">Starting new HTTP connection (1): httpbin.org</msg>
<msg timestamp="20180305 00:41:07.734" level="DEBUG">http://httpbin.org:80 "GET /basic-auth/Andrew/ HTTP/1.1" 404 233</msg>
<msg timestamp="20180305 00:41:07.736" level="INFO">Status code: 404</msg>
<msg timestamp="20180305 00:41:07.736" level="DEBUG">Headers:
{'Connection': 'keep-alive', 'Server': 'meinheld/0.6.1', 'Date': 'Sun, 04 Mar 2018 21:41:07 GMT', 'Content-Type': 'text/html', 'Content-Length': '233', 'Access-Control-Allow-Origin': '*', 'Access-Control-Allow-Credentials': 'true', 'X-Powered-By': 'Flask', 'X-Processed-Time': '0', 'Via': '1.1 vegur'}</msg>
<msg timestamp="20180305 00:41:07.736" level="DEBUG">Response body:
&lt;!DOCTYPE HTML PUBLIC "-//W3C//DTD HTML 3.2 Final//EN"&gt;
&lt;title&gt;404 Not Found&lt;/title&gt;
&lt;h1&gt;Not Found&lt;/h1&gt;
&lt;p&gt;The requested URL was not found on the server.  If you entered the URL manually please check your spelling and try again.&lt;/p&gt;
</msg>
<msg timestamp="20180305 00:41:07.737" level="TRACE">Hexadecimal response body:
3c21444f43545950452048544d4c205055424c494320222d2f2f5733432f2f4454442048544d4c20332e322046696e616c2f2f454e223e0a3c7469746c653e343034204e6f7420466f756e643c2f7469746c653e0a3c68313e4e6f7420466f756e643c2f68313e0a3c703e546865207265717565737465642055524c20776173206e6f7420666f756e64206f6e20746865207365727665722e2020496620796f7520656e7465726564207468652055524c206d616e75616c6c7920706c6561736520636865636b20796f7572207370656c6c696e6720616e642074727920616761696e2e3c2f703e0a</msg>
<msg timestamp="20180305 00:41:07.737" level="TRACE">Return: None</msg>
<status status="PASS" starttime="20180305 00:41:07.420" endtime="20180305 00:41:07.737"></status>
</kw>
<kw name="Then status code should be" library="httpbin_library.HttpbinLibrary">
<doc>Check if response status code is as expected.</doc>
<arguments>
<arg>${NOT FOUND}</arg>
</arguments>
<msg timestamp="20180305 00:41:07.740" level="TRACE">Arguments: [ '404' ]</msg>
<msg timestamp="20180305 00:41:07.740" level="DEBUG">Expected status code: 404</msg>
<msg timestamp="20180305 00:41:07.741" level="DEBUG">Actual status code: 404</msg>
<msg timestamp="20180305 00:41:07.741" level="INFO">Response status code is as expected.</msg>
<msg timestamp="20180305 00:41:07.741" level="TRACE">Return: None</msg>
<status status="PASS" starttime="20180305 00:41:07.739" endtime="20180305 00:41:07.741"></status>
</kw>
<msg timestamp="20180305 00:41:07.742" level="TRACE">Return: None</msg>
<status status="PASS" starttime="20180305 00:41:07.419" endtime="20180305 00:41:07.742"></status>
</kw>
<kw name="Authentication ${EMPTY}/${EMPTY} should fail">
<msg timestamp="20180305 00:41:07.744" level="TRACE">Arguments: [ ${user}='' | ${password}='' ]</msg>
<kw name="When authenticate ${user}/${password} as ${user}/${password}" library="httpbin_library.HttpbinLibrary">
<doc>Send GET request that require HTTP Basic authentication.</doc>
<msg timestamp="20180305 00:41:07.747" level="TRACE">Arguments: [ '' | '' | '' | '' ]</msg>
<msg timestamp="20180305 00:41:07.755" level="DEBUG">Starting new HTTP connection (1): httpbin.org</msg>
<msg timestamp="20180305 00:41:08.075" level="DEBUG">http://httpbin.org:80 "GET /basic-auth// HTTP/1.1" 404 233</msg>
<msg timestamp="20180305 00:41:08.076" level="INFO">Status code: 404</msg>
<msg timestamp="20180305 00:41:08.077" level="DEBUG">Headers:
{'Connection': 'keep-alive', 'Server': 'meinheld/0.6.1', 'Date': 'Sun, 04 Mar 2018 21:41:07 GMT', 'Content-Type': 'text/html', 'Content-Length': '233', 'Access-Control-Allow-Origin': '*', 'Access-Control-Allow-Credentials': 'true', 'X-Powered-By': 'Flask', 'X-Processed-Time': '0', 'Via': '1.1 vegur'}</msg>
<msg timestamp="20180305 00:41:08.077" level="DEBUG">Response body:
&lt;!DOCTYPE HTML PUBLIC "-//W3C//DTD HTML 3.2 Final//EN"&gt;
&lt;title&gt;404 Not Found&lt;/title&gt;
&lt;h1&gt;Not Found&lt;/h1&gt;
&lt;p&gt;The requested URL was not found on the server.  If you entered the URL manually please check your spelling and try again.&lt;/p&gt;
</msg>
<msg timestamp="20180305 00:41:08.077" level="TRACE">Hexadecimal response body:
3c21444f43545950452048544d4c205055424c494320222d2f2f5733432f2f4454442048544d4c20332e322046696e616c2f2f454e223e0a3c7469746c653e343034204e6f7420466f756e643c2f7469746c653e0a3c68313e4e6f7420466f756e643c2f68313e0a3c703e546865207265717565737465642055524c20776173206e6f7420666f756e64206f6e20746865207365727665722e2020496620796f7520656e7465726564207468652055524c206d616e75616c6c7920706c6561736520636865636b20796f7572207370656c6c696e6720616e642074727920616761696e2e3c2f703e0a</msg>
<msg timestamp="20180305 00:41:08.077" level="TRACE">Return: None</msg>
<status status="PASS" starttime="20180305 00:41:07.746" endtime="20180305 00:41:08.078"></status>
</kw>
<kw name="Then status code should be" library="httpbin_library.HttpbinLibrary">
<doc>Check if response status code is as expected.</doc>
<arguments>
<arg>${NOT FOUND}</arg>
</arguments>
<msg timestamp="20180305 00:41:08.079" level="TRACE">Arguments: [ '404' ]</msg>
<msg timestamp="20180305 00:41:08.079" level="DEBUG">Expected status code: 404</msg>
<msg timestamp="20180305 00:41:08.080" level="DEBUG">Actual status code: 404</msg>
<msg timestamp="20180305 00:41:08.080" level="INFO">Response status code is as expected.</msg>
<msg timestamp="20180305 00:41:08.080" level="TRACE">Return: None</msg>
<status status="PASS" starttime="20180305 00:41:08.079" endtime="20180305 00:41:08.080"></status>
</kw>
<msg timestamp="20180305 00:41:08.080" level="TRACE">Return: None</msg>
<status status="PASS" starttime="20180305 00:41:07.743" endtime="20180305 00:41:08.080"></status>
</kw>
<status status="PASS" starttime="20180305 00:41:07.088" endtime="20180305 00:41:08.081" critical="yes"></status>
</test>
<status status="PASS" starttime="20180305 00:41:03.791" endtime="20180305 00:41:08.083"></status>
</suite>
<suite id="s1-s2" name="Get" source="/home/bogdan/Programming/PycharmProjects/Peter-Service_Autotests/httpbin_testsuit/get.robot">
<test id="s1-s2-t1" name="Not contain headers">
<kw name="${headers} IN [ @{HEADERS_LIST} ]" type="for">
<kw name="${headers} = {}" type="foritem">
<kw name="GET request should not contain headers">
<arguments>
<arg>@{headers}</arg>
</arguments>
<msg timestamp="20180305 00:41:08.100" level="TRACE">Arguments: [ @{headers_names}=[] ]</msg>
<kw name="When send GET request with headers" library="httpbin_library.HttpbinLibrary">
<doc>Send GET request and receive GET data in response body.</doc>
<msg timestamp="20180305 00:41:08.102" level="TRACE">Arguments: [  ]</msg>
<msg timestamp="20180305 00:41:08.106" level="DEBUG">Starting new HTTP connection (1): httpbin.org</msg>
<msg timestamp="20180305 00:41:08.434" level="DEBUG">http://httpbin.org:80 "GET /get HTTP/1.1" 200 266</msg>
<msg timestamp="20180305 00:41:08.436" level="INFO">Status code: 200</msg>
<msg timestamp="20180305 00:41:08.436" level="DEBUG">Headers:
{'Connection': 'keep-alive', 'Server': 'meinheld/0.6.1', 'Date': 'Sun, 04 Mar 2018 21:41:07 GMT', 'Content-Type': 'application/json', 'Access-Control-Allow-Origin': '*', 'Access-Control-Allow-Credentials': 'true', 'X-Powered-By': 'Flask', 'X-Processed-Time': '0', 'Content-Length': '266', 'Via': '1.1 vegur'}</msg>
<msg timestamp="20180305 00:41:08.437" level="DEBUG">Response body:
{
  "args": {}, 
  "headers": {
    "Accept": "*/*", 
    "Accept-Encoding": "gzip, deflate", 
    "Connection": "close", 
    "Host": "httpbin.org", 
    "User-Agent": "python-requests/2.18.4"
  }, 
  "origin": "46.159.247.84", 
  "url": "http://httpbin.org/get"
}
</msg>
<msg timestamp="20180305 00:41:08.437" level="TRACE">Hexadecimal response body:
7b0a20202261726773223a207b7d2c200a20202268656164657273223a207b0a2020202022416363657074223a20222a2f2a222c200a20202020224163636570742d456e636f64696e67223a2022677a69702c206465666c617465222c200a2020202022436f6e6e656374696f6e223a2022636c6f7365222c200a2020202022486f7374223a20226874747062696e2e6f7267222c200a2020202022557365722d4167656e74223a2022707974686f6e2d72657175657374732f322e31382e34220a20207d2c200a2020226f726967696e223a202234362e3135392e3234372e3834222c200a20202275726c223a2022687474703a2f2f6874747062696e2e6f72672f676574220a7d0a</msg>
<msg timestamp="20180305 00:41:08.437" level="TRACE">Return: None</msg>
<status status="PASS" starttime="20180305 00:41:08.101" endtime="20180305 00:41:08.438"></status>
</kw>
<kw name="Then status code should be" library="httpbin_library.HttpbinLibrary">
<doc>Check if response status code is as expected.</doc>
<arguments>
<arg>${OK}</arg>
</arguments>
<msg timestamp="20180305 00:41:08.439" level="TRACE">Arguments: [ '200' ]</msg>
<msg timestamp="20180305 00:41:08.439" level="DEBUG">Expected status code: 200</msg>
<msg timestamp="20180305 00:41:08.440" level="DEBUG">Actual status code: 200</msg>
<msg timestamp="20180305 00:41:08.440" level="INFO">Response status code is as expected.</msg>
<msg timestamp="20180305 00:41:08.440" level="TRACE">Return: None</msg>
<status status="PASS" starttime="20180305 00:41:08.438" endtime="20180305 00:41:08.440"></status>
</kw>
<kw name="and response body should not contain headers" library="httpbin_library.HttpbinLibrary">
<doc>Check if response body does not contain specified headers.</doc>
<arguments>
<arg>${headers_names}</arg>
</arguments>
<msg timestamp="20180305 00:41:08.442" level="TRACE">Arguments: [ [] ]</msg>
<msg timestamp="20180305 00:41:08.442" level="DEBUG">Specified header names:
[]</msg>
<msg timestamp="20180305 00:41:08.442" level="DEBUG">Actual headers:
{'Accept': '*/*', 'Accept-Encoding': 'gzip, deflate', 'Connection': 'close', 'Host': 'httpbin.org', 'User-Agent': 'python-requests/2.18.4'}</msg>
<msg timestamp="20180305 00:41:08.442" level="INFO">Response body does not contain specified headers.</msg>
<msg timestamp="20180305 00:41:08.443" level="TRACE">Return: None</msg>
<status status="PASS" starttime="20180305 00:41:08.441" endtime="20180305 00:41:08.443"></status>
</kw>
<msg timestamp="20180305 00:41:08.443" level="TRACE">Return: None</msg>
<status status="PASS" starttime="20180305 00:41:08.099" endtime="20180305 00:41:08.443"></status>
</kw>
<status status="PASS" starttime="20180305 00:41:08.098" endtime="20180305 00:41:08.444"></status>
</kw>
<kw name="${headers} = {'test-header': 'Some Data'}" type="foritem">
<kw name="GET request should not contain headers">
<arguments>
<arg>@{headers}</arg>
</arguments>
<msg timestamp="20180305 00:41:08.445" level="TRACE">Arguments: [ @{headers_names}=['test-header'] ]</msg>
<kw name="When send GET request with headers" library="httpbin_library.HttpbinLibrary">
<doc>Send GET request and receive GET data in response body.</doc>
<msg timestamp="20180305 00:41:08.450" level="TRACE">Arguments: [  ]</msg>
<msg timestamp="20180305 00:41:08.458" level="DEBUG">Starting new HTTP connection (1): httpbin.org</msg>
<msg timestamp="20180305 00:41:08.765" level="DEBUG">http://httpbin.org:80 "GET /get HTTP/1.1" 200 266</msg>
<msg timestamp="20180305 00:41:08.766" level="INFO">Status code: 200</msg>
<msg timestamp="20180305 00:41:08.766" level="DEBUG">Headers:
{'Connection': 'keep-alive', 'Server': 'meinheld/0.6.1', 'Date': 'Sun, 04 Mar 2018 21:41:08 GMT', 'Content-Type': 'application/json', 'Access-Control-Allow-Origin': '*', 'Access-Control-Allow-Credentials': 'true', 'X-Powered-By': 'Flask', 'X-Processed-Time': '0', 'Content-Length': '266', 'Via': '1.1 vegur'}</msg>
<msg timestamp="20180305 00:41:08.766" level="DEBUG">Response body:
{
  "args": {}, 
  "headers": {
    "Accept": "*/*", 
    "Accept-Encoding": "gzip, deflate", 
    "Connection": "close", 
    "Host": "httpbin.org", 
    "User-Agent": "python-requests/2.18.4"
  }, 
  "origin": "46.159.247.84", 
  "url": "http://httpbin.org/get"
}
</msg>
<msg timestamp="20180305 00:41:08.766" level="TRACE">Hexadecimal response body:
7b0a20202261726773223a207b7d2c200a20202268656164657273223a207b0a2020202022416363657074223a20222a2f2a222c200a20202020224163636570742d456e636f64696e67223a2022677a69702c206465666c617465222c200a2020202022436f6e6e656374696f6e223a2022636c6f7365222c200a2020202022486f7374223a20226874747062696e2e6f7267222c200a2020202022557365722d4167656e74223a2022707974686f6e2d72657175657374732f322e31382e34220a20207d2c200a2020226f726967696e223a202234362e3135392e3234372e3834222c200a20202275726c223a2022687474703a2f2f6874747062696e2e6f72672f676574220a7d0a</msg>
<msg timestamp="20180305 00:41:08.767" level="TRACE">Return: None</msg>
<status status="PASS" starttime="20180305 00:41:08.446" endtime="20180305 00:41:08.767"></status>
</kw>
<kw name="Then status code should be" library="httpbin_library.HttpbinLibrary">
<doc>Check if response status code is as expected.</doc>
<arguments>
<arg>${OK}</arg>
</arguments>
<msg timestamp="20180305 00:41:08.768" level="TRACE">Arguments: [ '200' ]</msg>
<msg timestamp="20180305 00:41:08.768" level="DEBUG">Expected status code: 200</msg>
<msg timestamp="20180305 00:41:08.769" level="DEBUG">Actual status code: 200</msg>
<msg timestamp="20180305 00:41:08.769" level="INFO">Response status code is as expected.</msg>
<msg timestamp="20180305 00:41:08.769" level="TRACE">Return: None</msg>
<status status="PASS" starttime="20180305 00:41:08.767" endtime="20180305 00:41:08.769"></status>
</kw>
<kw name="and response body should not contain headers" library="httpbin_library.HttpbinLibrary">
<doc>Check if response body does not contain specified headers.</doc>
<arguments>
<arg>${headers_names}</arg>
</arguments>
<msg timestamp="20180305 00:41:08.770" level="TRACE">Arguments: [ ['test-header'] ]</msg>
<msg timestamp="20180305 00:41:08.771" level="DEBUG">Specified header names:
['test-header']</msg>
<msg timestamp="20180305 00:41:08.771" level="DEBUG">Actual headers:
{'Accept': '*/*', 'Accept-Encoding': 'gzip, deflate', 'Connection': 'close', 'Host': 'httpbin.org', 'User-Agent': 'python-requests/2.18.4'}</msg>
<msg timestamp="20180305 00:41:08.771" level="INFO">Response body does not contain specified headers.</msg>
<msg timestamp="20180305 00:41:08.771" level="TRACE">Return: None</msg>
<status status="PASS" starttime="20180305 00:41:08.770" endtime="20180305 00:41:08.771"></status>
</kw>
<msg timestamp="20180305 00:41:08.771" level="TRACE">Return: None</msg>
<status status="PASS" starttime="20180305 00:41:08.444" endtime="20180305 00:41:08.771"></status>
</kw>
<status status="PASS" starttime="20180305 00:41:08.444" endtime="20180305 00:41:08.772"></status>
</kw>
<kw name="${headers} = {'Hello': 'World', 'My-test-name': 'Contain headers'}" type="foritem">
<kw name="GET request should not contain headers">
<arguments>
<arg>@{headers}</arg>
</arguments>
<msg timestamp="20180305 00:41:08.772" level="TRACE">Arguments: [ @{headers_names}=['Hello', 'My-test-name'] ]</msg>
<kw name="When send GET request with headers" library="httpbin_library.HttpbinLibrary">
<doc>Send GET request and receive GET data in response body.</doc>
<msg timestamp="20180305 00:41:08.773" level="TRACE">Arguments: [  ]</msg>
<msg timestamp="20180305 00:41:08.777" level="DEBUG">Starting new HTTP connection (1): httpbin.org</msg>
<msg timestamp="20180305 00:41:09.087" level="DEBUG">http://httpbin.org:80 "GET /get HTTP/1.1" 200 266</msg>
<msg timestamp="20180305 00:41:09.088" level="INFO">Status code: 200</msg>
<msg timestamp="20180305 00:41:09.088" level="DEBUG">Headers:
{'Connection': 'keep-alive', 'Server': 'meinheld/0.6.1', 'Date': 'Sun, 04 Mar 2018 21:41:08 GMT', 'Content-Type': 'application/json', 'Access-Control-Allow-Origin': '*', 'Access-Control-Allow-Credentials': 'true', 'X-Powered-By': 'Flask', 'X-Processed-Time': '0', 'Content-Length': '266', 'Via': '1.1 vegur'}</msg>
<msg timestamp="20180305 00:41:09.089" level="DEBUG">Response body:
{
  "args": {}, 
  "headers": {
    "Accept": "*/*", 
    "Accept-Encoding": "gzip, deflate", 
    "Connection": "close", 
    "Host": "httpbin.org", 
    "User-Agent": "python-requests/2.18.4"
  }, 
  "origin": "46.159.247.84", 
  "url": "http://httpbin.org/get"
}
</msg>
<msg timestamp="20180305 00:41:09.089" level="TRACE">Hexadecimal response body:
7b0a20202261726773223a207b7d2c200a20202268656164657273223a207b0a2020202022416363657074223a20222a2f2a222c200a20202020224163636570742d456e636f64696e67223a2022677a69702c206465666c617465222c200a2020202022436f6e6e656374696f6e223a2022636c6f7365222c200a2020202022486f7374223a20226874747062696e2e6f7267222c200a2020202022557365722d4167656e74223a2022707974686f6e2d72657175657374732f322e31382e34220a20207d2c200a2020226f726967696e223a202234362e3135392e3234372e3834222c200a20202275726c223a2022687474703a2f2f6874747062696e2e6f72672f676574220a7d0a</msg>
<msg timestamp="20180305 00:41:09.089" level="TRACE">Return: None</msg>
<status status="PASS" starttime="20180305 00:41:08.773" endtime="20180305 00:41:09.089"></status>
</kw>
<kw name="Then status code should be" library="httpbin_library.HttpbinLibrary">
<doc>Check if response status code is as expected.</doc>
<arguments>
<arg>${OK}</arg>
</arguments>
<msg timestamp="20180305 00:41:09.090" level="TRACE">Arguments: [ '200' ]</msg>
<msg timestamp="20180305 00:41:09.090" level="DEBUG">Expected status code: 200</msg>
<msg timestamp="20180305 00:41:09.090" level="DEBUG">Actual status code: 200</msg>
<msg timestamp="20180305 00:41:09.091" level="INFO">Response status code is as expected.</msg>
<msg timestamp="20180305 00:41:09.091" level="TRACE">Return: None</msg>
<status status="PASS" starttime="20180305 00:41:09.090" endtime="20180305 00:41:09.091"></status>
</kw>
<kw name="and response body should not contain headers" library="httpbin_library.HttpbinLibrary">
<doc>Check if response body does not contain specified headers.</doc>
<arguments>
<arg>${headers_names}</arg>
</arguments>
<msg timestamp="20180305 00:41:09.091" level="TRACE">Arguments: [ ['Hello', 'My-test-name'] ]</msg>
<msg timestamp="20180305 00:41:09.092" level="DEBUG">Specified header names:
['Hello', 'My-test-name']</msg>
<msg timestamp="20180305 00:41:09.092" level="DEBUG">Actual headers:
{'Accept': '*/*', 'Accept-Encoding': 'gzip, deflate', 'Connection': 'close', 'Host': 'httpbin.org', 'User-Agent': 'python-requests/2.18.4'}</msg>
<msg timestamp="20180305 00:41:09.092" level="INFO">Response body does not contain specified headers.</msg>
<msg timestamp="20180305 00:41:09.092" level="TRACE">Return: None</msg>
<status status="PASS" starttime="20180305 00:41:09.091" endtime="20180305 00:41:09.092"></status>
</kw>
<msg timestamp="20180305 00:41:09.092" level="TRACE">Return: None</msg>
<status status="PASS" starttime="20180305 00:41:08.772" endtime="20180305 00:41:09.093"></status>
</kw>
<status status="PASS" starttime="20180305 00:41:08.772" endtime="20180305 00:41:09.093"></status>
</kw>
<kw name="${headers} = {'h1': '1', 'h2': '2', 'h3': '3', 'h4': '4', 'h5': '5', 'h6': '6', 'h7': '7'}" type="foritem">
<kw name="GET request should not contain headers">
<arguments>
<arg>@{headers}</arg>
</arguments>
<msg timestamp="20180305 00:41:09.094" level="TRACE">Arguments: [ @{headers_names}=['h1', 'h2', 'h3', 'h4', 'h5', 'h6', 'h7'] ]</msg>
<kw name="When send GET request with headers" library="httpbin_library.HttpbinLibrary">
<doc>Send GET request and receive GET data in response body.</doc>
<msg timestamp="20180305 00:41:09.094" level="TRACE">Arguments: [  ]</msg>
<msg timestamp="20180305 00:41:09.099" level="DEBUG">Starting new HTTP connection (1): httpbin.org</msg>
<msg timestamp="20180305 00:41:09.408" level="DEBUG">http://httpbin.org:80 "GET /get HTTP/1.1" 200 266</msg>
<msg timestamp="20180305 00:41:09.410" level="INFO">Status code: 200</msg>
<msg timestamp="20180305 00:41:09.410" level="DEBUG">Headers:
{'Connection': 'keep-alive', 'Server': 'meinheld/0.6.1', 'Date': 'Sun, 04 Mar 2018 21:41:09 GMT', 'Content-Type': 'application/json', 'Access-Control-Allow-Origin': '*', 'Access-Control-Allow-Credentials': 'true', 'X-Powered-By': 'Flask', 'X-Processed-Time': '0', 'Content-Length': '266', 'Via': '1.1 vegur'}</msg>
<msg timestamp="20180305 00:41:09.411" level="DEBUG">Response body:
{
  "args": {}, 
  "headers": {
    "Accept": "*/*", 
    "Accept-Encoding": "gzip, deflate", 
    "Connection": "close", 
    "Host": "httpbin.org", 
    "User-Agent": "python-requests/2.18.4"
  }, 
  "origin": "46.159.247.84", 
  "url": "http://httpbin.org/get"
}
</msg>
<msg timestamp="20180305 00:41:09.411" level="TRACE">Hexadecimal response body:
7b0a20202261726773223a207b7d2c200a20202268656164657273223a207b0a2020202022416363657074223a20222a2f2a222c200a20202020224163636570742d456e636f64696e67223a2022677a69702c206465666c617465222c200a2020202022436f6e6e656374696f6e223a2022636c6f7365222c200a2020202022486f7374223a20226874747062696e2e6f7267222c200a2020202022557365722d4167656e74223a2022707974686f6e2d72657175657374732f322e31382e34220a20207d2c200a2020226f726967696e223a202234362e3135392e3234372e3834222c200a20202275726c223a2022687474703a2f2f6874747062696e2e6f72672f676574220a7d0a</msg>
<msg timestamp="20180305 00:41:09.412" level="TRACE">Return: None</msg>
<status status="PASS" starttime="20180305 00:41:09.094" endtime="20180305 00:41:09.412"></status>
</kw>
<kw name="Then status code should be" library="httpbin_library.HttpbinLibrary">
<doc>Check if response status code is as expected.</doc>
<arguments>
<arg>${OK}</arg>
</arguments>
<msg timestamp="20180305 00:41:09.413" level="TRACE">Arguments: [ '200' ]</msg>
<msg timestamp="20180305 00:41:09.414" level="DEBUG">Expected status code: 200</msg>
<msg timestamp="20180305 00:41:09.414" level="DEBUG">Actual status code: 200</msg>
<msg timestamp="20180305 00:41:09.415" level="INFO">Response status code is as expected.</msg>
<msg timestamp="20180305 00:41:09.415" level="TRACE">Return: None</msg>
<status status="PASS" starttime="20180305 00:41:09.413" endtime="20180305 00:41:09.415"></status>
</kw>
<kw name="and response body should not contain headers" library="httpbin_library.HttpbinLibrary">
<doc>Check if response body does not contain specified headers.</doc>
<arguments>
<arg>${headers_names}</arg>
</arguments>
<msg timestamp="20180305 00:41:09.416" level="TRACE">Arguments: [ ['h1', 'h2', 'h3', 'h4', 'h5', 'h6', 'h7'] ]</msg>
<msg timestamp="20180305 00:41:09.417" level="DEBUG">Specified header names:
['h1', 'h2', 'h3', 'h4', 'h5', 'h6', 'h7']</msg>
<msg timestamp="20180305 00:41:09.417" level="DEBUG">Actual headers:
{'Accept': '*/*', 'Accept-Encoding': 'gzip, deflate', 'Connection': 'close', 'Host': 'httpbin.org', 'User-Agent': 'python-requests/2.18.4'}</msg>
<msg timestamp="20180305 00:41:09.417" level="INFO">Response body does not contain specified headers.</msg>
<msg timestamp="20180305 00:41:09.417" level="TRACE">Return: None</msg>
<status status="PASS" starttime="20180305 00:41:09.416" endtime="20180305 00:41:09.417"></status>
</kw>
<msg timestamp="20180305 00:41:09.417" level="TRACE">Return: None</msg>
<status status="PASS" starttime="20180305 00:41:09.093" endtime="20180305 00:41:09.418"></status>
</kw>
<status status="PASS" starttime="20180305 00:41:09.093" endtime="20180305 00:41:09.418"></status>
</kw>
<kw name="${headers} = {'Some-long-long-long-long-long-long-long-long-long-long-long-long-long-long-long-long-long-long-long-long-long-long-long-long-long-long-long-long-long-long-header-name': 'Some long long long long lon..." type="foritem">
<kw name="GET request should not contain headers">
<arguments>
<arg>@{headers}</arg>
</arguments>
<msg timestamp="20180305 00:41:09.419" level="TRACE">Arguments: [ @{headers_names}=['Some-long-long-long-long-long-long-long-long-long-long-long-long-long-long-long-long-long-long-long-long-long-long-long-long-long-long-long-long-long-long-header-name'] ]</msg>
<kw name="When send GET request with headers" library="httpbin_library.HttpbinLibrary">
<doc>Send GET request and receive GET data in response body.</doc>
<msg timestamp="20180305 00:41:09.419" level="TRACE">Arguments: [  ]</msg>
<msg timestamp="20180305 00:41:09.423" level="DEBUG">Starting new HTTP connection (1): httpbin.org</msg>
<msg timestamp="20180305 00:41:09.736" level="DEBUG">http://httpbin.org:80 "GET /get HTTP/1.1" 200 266</msg>
<msg timestamp="20180305 00:41:09.737" level="INFO">Status code: 200</msg>
<msg timestamp="20180305 00:41:09.737" level="DEBUG">Headers:
{'Connection': 'keep-alive', 'Server': 'meinheld/0.6.1', 'Date': 'Sun, 04 Mar 2018 21:41:09 GMT', 'Content-Type': 'application/json', 'Access-Control-Allow-Origin': '*', 'Access-Control-Allow-Credentials': 'true', 'X-Powered-By': 'Flask', 'X-Processed-Time': '0', 'Content-Length': '266', 'Via': '1.1 vegur'}</msg>
<msg timestamp="20180305 00:41:09.737" level="DEBUG">Response body:
{
  "args": {}, 
  "headers": {
    "Accept": "*/*", 
    "Accept-Encoding": "gzip, deflate", 
    "Connection": "close", 
    "Host": "httpbin.org", 
    "User-Agent": "python-requests/2.18.4"
  }, 
  "origin": "46.159.247.84", 
  "url": "http://httpbin.org/get"
}
</msg>
<msg timestamp="20180305 00:41:09.737" level="TRACE">Hexadecimal response body:
7b0a20202261726773223a207b7d2c200a20202268656164657273223a207b0a2020202022416363657074223a20222a2f2a222c200a20202020224163636570742d456e636f64696e67223a2022677a69702c206465666c617465222c200a2020202022436f6e6e656374696f6e223a2022636c6f7365222c200a2020202022486f7374223a20226874747062696e2e6f7267222c200a2020202022557365722d4167656e74223a2022707974686f6e2d72657175657374732f322e31382e34220a20207d2c200a2020226f726967696e223a202234362e3135392e3234372e3834222c200a20202275726c223a2022687474703a2f2f6874747062696e2e6f72672f676574220a7d0a</msg>
<msg timestamp="20180305 00:41:09.738" level="TRACE">Return: None</msg>
<status status="PASS" starttime="20180305 00:41:09.419" endtime="20180305 00:41:09.738"></status>
</kw>
<kw name="Then status code should be" library="httpbin_library.HttpbinLibrary">
<doc>Check if response status code is as expected.</doc>
<arguments>
<arg>${OK}</arg>
</arguments>
<msg timestamp="20180305 00:41:09.739" level="TRACE">Arguments: [ '200' ]</msg>
<msg timestamp="20180305 00:41:09.739" level="DEBUG">Expected status code: 200</msg>
<msg timestamp="20180305 00:41:09.739" level="DEBUG">Actual status code: 200</msg>
<msg timestamp="20180305 00:41:09.739" level="INFO">Response status code is as expected.</msg>
<msg timestamp="20180305 00:41:09.739" level="TRACE">Return: None</msg>
<status status="PASS" starttime="20180305 00:41:09.738" endtime="20180305 00:41:09.739"></status>
</kw>
<kw name="and response body should not contain headers" library="httpbin_library.HttpbinLibrary">
<doc>Check if response body does not contain specified headers.</doc>
<arguments>
<arg>${headers_names}</arg>
</arguments>
<msg timestamp="20180305 00:41:09.740" level="TRACE">Arguments: [ ['Some-long-long-long-long-long-long-long-long-long-long-long-long-long-long-long-long-long-long-long-long-long-long-long-long-long-long-long-long-long-long-header-name'] ]</msg>
<msg timestamp="20180305 00:41:09.740" level="DEBUG">Specified header names:
['Some-long-long-long-long-long-long-long-long-long-long-long-long-long-long-long-long-long-long-long-long-long-long-long-long-long-long-long-long-long-long-header-name']</msg>
<msg timestamp="20180305 00:41:09.740" level="DEBUG">Actual headers:
{'Accept': '*/*', 'Accept-Encoding': 'gzip, deflate', 'Connection': 'close', 'Host': 'httpbin.org', 'User-Agent': 'python-requests/2.18.4'}</msg>
<msg timestamp="20180305 00:41:09.740" level="INFO">Response body does not contain specified headers.</msg>
<msg timestamp="20180305 00:41:09.741" level="TRACE">Return: None</msg>
<status status="PASS" starttime="20180305 00:41:09.740" endtime="20180305 00:41:09.741"></status>
</kw>
<msg timestamp="20180305 00:41:09.741" level="TRACE">Return: None</msg>
<status status="PASS" starttime="20180305 00:41:09.418" endtime="20180305 00:41:09.741"></status>
</kw>
<status status="PASS" starttime="20180305 00:41:09.418" endtime="20180305 00:41:09.741"></status>
</kw>
<status status="PASS" starttime="20180305 00:41:08.098" endtime="20180305 00:41:09.741"></status>
</kw>
<status status="PASS" starttime="20180305 00:41:08.096" endtime="20180305 00:41:09.741" critical="yes"></status>
</test>
<test id="s1-s2-t2" name="Contain headers">
<kw name="${headers} IN [ @{HEADERS_LIST} ]" type="for">
<kw name="${headers} = {}" type="foritem">
<kw name="GET request should contain headers">
<arguments>
<arg>&amp;{headers}</arg>
</arguments>
<msg timestamp="20180305 00:41:09.744" level="TRACE">Arguments: [ &amp;{headers}={} ]</msg>
<kw name="When send GET request with headers" library="httpbin_library.HttpbinLibrary">
<doc>Send GET request and receive GET data in response body.</doc>
<arguments>
<arg>${headers}</arg>
</arguments>
<msg timestamp="20180305 00:41:09.745" level="TRACE">Arguments: [ {} ]</msg>
<msg timestamp="20180305 00:41:09.750" level="DEBUG">Starting new HTTP connection (1): httpbin.org</msg>
<msg timestamp="20180305 00:41:10.075" level="DEBUG">http://httpbin.org:80 "GET /get HTTP/1.1" 200 266</msg>
<msg timestamp="20180305 00:41:10.076" level="INFO">Status code: 200</msg>
<msg timestamp="20180305 00:41:10.077" level="DEBUG">Headers:
{'Connection': 'keep-alive', 'Server': 'meinheld/0.6.1', 'Date': 'Sun, 04 Mar 2018 21:41:09 GMT', 'Content-Type': 'application/json', 'Access-Control-Allow-Origin': '*', 'Access-Control-Allow-Credentials': 'true', 'X-Powered-By': 'Flask', 'X-Processed-Time': '0', 'Content-Length': '266', 'Via': '1.1 vegur'}</msg>
<msg timestamp="20180305 00:41:10.077" level="DEBUG">Response body:
{
  "args": {}, 
  "headers": {
    "Accept": "*/*", 
    "Accept-Encoding": "gzip, deflate", 
    "Connection": "close", 
    "Host": "httpbin.org", 
    "User-Agent": "python-requests/2.18.4"
  }, 
  "origin": "46.159.247.84", 
  "url": "http://httpbin.org/get"
}
</msg>
<msg timestamp="20180305 00:41:10.077" level="TRACE">Hexadecimal response body:
7b0a20202261726773223a207b7d2c200a20202268656164657273223a207b0a2020202022416363657074223a20222a2f2a222c200a20202020224163636570742d456e636f64696e67223a2022677a69702c206465666c617465222c200a2020202022436f6e6e656374696f6e223a2022636c6f7365222c200a2020202022486f7374223a20226874747062696e2e6f7267222c200a2020202022557365722d4167656e74223a2022707974686f6e2d72657175657374732f322e31382e34220a20207d2c200a2020226f726967696e223a202234362e3135392e3234372e3834222c200a20202275726c223a2022687474703a2f2f6874747062696e2e6f72672f676574220a7d0a</msg>
<msg timestamp="20180305 00:41:10.077" level="TRACE">Return: None</msg>
<status status="PASS" starttime="20180305 00:41:09.744" endtime="20180305 00:41:10.077"></status>
</kw>
<kw name="Then status code should be" library="httpbin_library.HttpbinLibrary">
<doc>Check if response status code is as expected.</doc>
<arguments>
<arg>${OK}</arg>
</arguments>
<msg timestamp="20180305 00:41:10.079" level="TRACE">Arguments: [ '200' ]</msg>
<msg timestamp="20180305 00:41:10.079" level="DEBUG">Expected status code: 200</msg>
<msg timestamp="20180305 00:41:10.079" level="DEBUG">Actual status code: 200</msg>
<msg timestamp="20180305 00:41:10.079" level="INFO">Response status code is as expected.</msg>
<msg timestamp="20180305 00:41:10.079" level="TRACE">Return: None</msg>
<status status="PASS" starttime="20180305 00:41:10.078" endtime="20180305 00:41:10.079"></status>
</kw>
<kw name="and response body should contain headers" library="httpbin_library.HttpbinLibrary">
<doc>Check if response body contains specified headers.</doc>
<arguments>
<arg>${headers}</arg>
</arguments>
<msg timestamp="20180305 00:41:10.080" level="TRACE">Arguments: [ {} ]</msg>
<msg timestamp="20180305 00:41:10.081" level="DEBUG">Specified headers:
{}</msg>
<msg timestamp="20180305 00:41:10.081" level="DEBUG">Actual headers:
{'Accept': '*/*', 'Accept-Encoding': 'gzip, deflate', 'Connection': 'close', 'Host': 'httpbin.org', 'User-Agent': 'python-requests/2.18.4'}</msg>
<msg timestamp="20180305 00:41:10.081" level="INFO">Response body contains specified headers.</msg>
<msg timestamp="20180305 00:41:10.081" level="TRACE">Return: None</msg>
<status status="PASS" starttime="20180305 00:41:10.080" endtime="20180305 00:41:10.081"></status>
</kw>
<msg timestamp="20180305 00:41:10.081" level="TRACE">Return: None</msg>
<status status="PASS" starttime="20180305 00:41:09.743" endtime="20180305 00:41:10.081"></status>
</kw>
<status status="PASS" starttime="20180305 00:41:09.743" endtime="20180305 00:41:10.082"></status>
</kw>
<kw name="${headers} = {'test-header': 'Some Data'}" type="foritem">
<kw name="GET request should contain headers">
<arguments>
<arg>&amp;{headers}</arg>
</arguments>
<msg timestamp="20180305 00:41:10.083" level="TRACE">Arguments: [ &amp;{headers}={'test-header': 'Some Data'} ]</msg>
<kw name="When send GET request with headers" library="httpbin_library.HttpbinLibrary">
<doc>Send GET request and receive GET data in response body.</doc>
<arguments>
<arg>${headers}</arg>
</arguments>
<msg timestamp="20180305 00:41:10.084" level="TRACE">Arguments: [ {'test-header': 'Some Data'} ]</msg>
<msg timestamp="20180305 00:41:10.090" level="DEBUG">Starting new HTTP connection (1): httpbin.org</msg>
<msg timestamp="20180305 00:41:10.416" level="DEBUG">http://httpbin.org:80 "GET /get HTTP/1.1" 200 299</msg>
<msg timestamp="20180305 00:41:10.417" level="INFO">Status code: 200</msg>
<msg timestamp="20180305 00:41:10.418" level="DEBUG">Headers:
{'Connection': 'keep-alive', 'Server': 'meinheld/0.6.1', 'Date': 'Sun, 04 Mar 2018 21:41:09 GMT', 'Content-Type': 'application/json', 'Access-Control-Allow-Origin': '*', 'Access-Control-Allow-Credentials': 'true', 'X-Powered-By': 'Flask', 'X-Processed-Time': '0', 'Content-Length': '299', 'Via': '1.1 vegur'}</msg>
<msg timestamp="20180305 00:41:10.418" level="DEBUG">Response body:
{
  "args": {}, 
  "headers": {
    "Accept": "*/*", 
    "Accept-Encoding": "gzip, deflate", 
    "Connection": "close", 
    "Host": "httpbin.org", 
    "Test-Header": "Some Data", 
    "User-Agent": "python-requests/2.18.4"
  }, 
  "origin": "46.159.247.84", 
  "url": "http://httpbin.org/get"
}
</msg>
<msg timestamp="20180305 00:41:10.418" level="TRACE">Hexadecimal response body:
7b0a20202261726773223a207b7d2c200a20202268656164657273223a207b0a2020202022416363657074223a20222a2f2a222c200a20202020224163636570742d456e636f64696e67223a2022677a69702c206465666c617465222c200a2020202022436f6e6e656374696f6e223a2022636c6f7365222c200a2020202022486f7374223a20226874747062696e2e6f7267222c200a2020202022546573742d486561646572223a2022536f6d652044617461222c200a2020202022557365722d4167656e74223a2022707974686f6e2d72657175657374732f322e31382e34220a20207d2c200a2020226f726967696e223a202234362e3135392e3234372e3834222c200a20202275726c223a2022687474703a2f2f6874747062696e2e6f72672f676574220a7d0a</msg>
<msg timestamp="20180305 00:41:10.418" level="TRACE">Return: None</msg>
<status status="PASS" starttime="20180305 00:41:10.083" endtime="20180305 00:41:10.418"></status>
</kw>
<kw name="Then status code should be" library="httpbin_library.HttpbinLibrary">
<doc>Check if response status code is as expected.</doc>
<arguments>
<arg>${OK}</arg>
</arguments>
<msg timestamp="20180305 00:41:10.420" level="TRACE">Arguments: [ '200' ]</msg>
<msg timestamp="20180305 00:41:10.420" level="DEBUG">Expected status code: 200</msg>
<msg timestamp="20180305 00:41:10.421" level="DEBUG">Actual status code: 200</msg>
<msg timestamp="20180305 00:41:10.421" level="INFO">Response status code is as expected.</msg>
<msg timestamp="20180305 00:41:10.421" level="TRACE">Return: None</msg>
<status status="PASS" starttime="20180305 00:41:10.419" endtime="20180305 00:41:10.421"></status>
</kw>
<kw name="and response body should contain headers" library="httpbin_library.HttpbinLibrary">
<doc>Check if response body contains specified headers.</doc>
<arguments>
<arg>${headers}</arg>
</arguments>
<msg timestamp="20180305 00:41:10.423" level="TRACE">Arguments: [ {'test-header': 'Some Data'} ]</msg>
<msg timestamp="20180305 00:41:10.423" level="DEBUG">Specified headers:
{'test-header': 'Some Data'}</msg>
<msg timestamp="20180305 00:41:10.424" level="DEBUG">Actual headers:
{'Accept': '*/*', 'Accept-Encoding': 'gzip, deflate', 'Connection': 'close', 'Host': 'httpbin.org', 'Test-Header': 'Some Data', 'User-Agent': 'python-requests/2.18.4'}</msg>
<msg timestamp="20180305 00:41:10.424" level="INFO">Response body contains specified headers.</msg>
<msg timestamp="20180305 00:41:10.424" level="TRACE">Return: None</msg>
<status status="PASS" starttime="20180305 00:41:10.422" endtime="20180305 00:41:10.424"></status>
</kw>
<msg timestamp="20180305 00:41:10.425" level="TRACE">Return: None</msg>
<status status="PASS" starttime="20180305 00:41:10.082" endtime="20180305 00:41:10.425"></status>
</kw>
<status status="PASS" starttime="20180305 00:41:10.082" endtime="20180305 00:41:10.425"></status>
</kw>
<kw name="${headers} = {'Hello': 'World', 'My-test-name': 'Contain headers'}" type="foritem">
<kw name="GET request should contain headers">
<arguments>
<arg>&amp;{headers}</arg>
</arguments>
<msg timestamp="20180305 00:41:10.427" level="TRACE">Arguments: [ &amp;{headers}={'Hello': 'World', 'My-test-name': 'Contain headers'} ]</msg>
<kw name="When send GET request with headers" library="httpbin_library.HttpbinLibrary">
<doc>Send GET request and receive GET data in response body.</doc>
<arguments>
<arg>${headers}</arg>
</arguments>
<msg timestamp="20180305 00:41:10.429" level="TRACE">Arguments: [ {'Hello': 'World', 'My-test-name': 'Contain headers'} ]</msg>
<msg timestamp="20180305 00:41:10.437" level="DEBUG">Starting new HTTP connection (1): httpbin.org</msg>
<msg timestamp="20180305 00:41:10.757" level="DEBUG">http://httpbin.org:80 "GET /get HTTP/1.1" 200 329</msg>
<msg timestamp="20180305 00:41:10.759" level="INFO">Status code: 200</msg>
<msg timestamp="20180305 00:41:10.759" level="DEBUG">Headers:
{'Connection': 'keep-alive', 'Server': 'meinheld/0.6.1', 'Date': 'Sun, 04 Mar 2018 21:41:10 GMT', 'Content-Type': 'application/json', 'Access-Control-Allow-Origin': '*', 'Access-Control-Allow-Credentials': 'true', 'X-Powered-By': 'Flask', 'X-Processed-Time': '0', 'Content-Length': '329', 'Via': '1.1 vegur'}</msg>
<msg timestamp="20180305 00:41:10.760" level="DEBUG">Response body:
{
  "args": {}, 
  "headers": {
    "Accept": "*/*", 
    "Accept-Encoding": "gzip, deflate", 
    "Connection": "close", 
    "Hello": "World", 
    "Host": "httpbin.org", 
    "My-Test-Name": "Contain headers", 
    "User-Agent": "python-requests/2.18.4"
  }, 
  "origin": "46.159.247.84", 
  "url": "http://httpbin.org/get"
}
</msg>
<msg timestamp="20180305 00:41:10.760" level="TRACE">Hexadecimal response body:
7b0a20202261726773223a207b7d2c200a20202268656164657273223a207b0a2020202022416363657074223a20222a2f2a222c200a20202020224163636570742d456e636f64696e67223a2022677a69702c206465666c617465222c200a2020202022436f6e6e656374696f6e223a2022636c6f7365222c200a202020202248656c6c6f223a2022576f726c64222c200a2020202022486f7374223a20226874747062696e2e6f7267222c200a20202020224d792d546573742d4e616d65223a2022436f6e7461696e2068656164657273222c200a2020202022557365722d4167656e74223a2022707974686f6e2d72657175657374732f322e31382e34220a20207d2c200a2020226f726967696e223a202234362e3135392e3234372e3834222c200a20202275726c223a2022687474703a2f2f6874747062696e2e6f72672f676574220a7d0a</msg>
<msg timestamp="20180305 00:41:10.760" level="TRACE">Return: None</msg>
<status status="PASS" starttime="20180305 00:41:10.428" endtime="20180305 00:41:10.761"></status>
</kw>
<kw name="Then status code should be" library="httpbin_library.HttpbinLibrary">
<doc>Check if response status code is as expected.</doc>
<arguments>
<arg>${OK}</arg>
</arguments>
<msg timestamp="20180305 00:41:10.762" level="TRACE">Arguments: [ '200' ]</msg>
<msg timestamp="20180305 00:41:10.763" level="DEBUG">Expected status code: 200</msg>
<msg timestamp="20180305 00:41:10.763" level="DEBUG">Actual status code: 200</msg>
<msg timestamp="20180305 00:41:10.763" level="INFO">Response status code is as expected.</msg>
<msg timestamp="20180305 00:41:10.763" level="TRACE">Return: None</msg>
<status status="PASS" starttime="20180305 00:41:10.762" endtime="20180305 00:41:10.764"></status>
</kw>
<kw name="and response body should contain headers" library="httpbin_library.HttpbinLibrary">
<doc>Check if response body contains specified headers.</doc>
<arguments>
<arg>${headers}</arg>
</arguments>
<msg timestamp="20180305 00:41:10.765" level="TRACE">Arguments: [ {'Hello': 'World', 'My-test-name': 'Contain headers'} ]</msg>
<msg timestamp="20180305 00:41:10.766" level="DEBUG">Specified headers:
{'Hello': 'World', 'My-test-name': 'Contain headers'}</msg>
<msg timestamp="20180305 00:41:10.766" level="DEBUG">Actual headers:
{'Accept': '*/*', 'Accept-Encoding': 'gzip, deflate', 'Connection': 'close', 'Hello': 'World', 'Host': 'httpbin.org', 'My-Test-Name': 'Contain headers', 'User-Agent': 'python-requests/2.18.4'}</msg>
<msg timestamp="20180305 00:41:10.766" level="INFO">Response body contains specified headers.</msg>
<msg timestamp="20180305 00:41:10.766" level="TRACE">Return: None</msg>
<status status="PASS" starttime="20180305 00:41:10.764" endtime="20180305 00:41:10.767"></status>
</kw>
<msg timestamp="20180305 00:41:10.767" level="TRACE">Return: None</msg>
<status status="PASS" starttime="20180305 00:41:10.426" endtime="20180305 00:41:10.767"></status>
</kw>
<status status="PASS" starttime="20180305 00:41:10.426" endtime="20180305 00:41:10.768"></status>
</kw>
<kw name="${headers} = {'h1': '1', 'h2': '2', 'h3': '3', 'h4': '4', 'h5': '5', 'h6': '6', 'h7': '7'}" type="foritem">
<kw name="GET request should contain headers">
<arguments>
<arg>&amp;{headers}</arg>
</arguments>
<msg timestamp="20180305 00:41:10.770" level="TRACE">Arguments: [ &amp;{headers}={'h1': '1', 'h2': '2', 'h3': '3', 'h4': '4', 'h5': '5', 'h6': '6', 'h7': '7'} ]</msg>
<kw name="When send GET request with headers" library="httpbin_library.HttpbinLibrary">
<doc>Send GET request and receive GET data in response body.</doc>
<arguments>
<arg>${headers}</arg>
</arguments>
<msg timestamp="20180305 00:41:10.772" level="TRACE">Arguments: [ {'h1': '1', 'h2': '2', 'h3': '3', 'h4': '4', 'h5': '5', 'h6': '6', 'h7': '7'} ]</msg>
<msg timestamp="20180305 00:41:10.778" level="DEBUG">Starting new HTTP connection (1): httpbin.org</msg>
<msg timestamp="20180305 00:41:11.097" level="DEBUG">http://httpbin.org:80 "GET /get HTTP/1.1" 200 378</msg>
<msg timestamp="20180305 00:41:11.099" level="INFO">Status code: 200</msg>
<msg timestamp="20180305 00:41:11.099" level="DEBUG">Headers:
{'Connection': 'keep-alive', 'Server': 'meinheld/0.6.1', 'Date': 'Sun, 04 Mar 2018 21:41:10 GMT', 'Content-Type': 'application/json', 'Access-Control-Allow-Origin': '*', 'Access-Control-Allow-Credentials': 'true', 'X-Powered-By': 'Flask', 'X-Processed-Time': '0', 'Content-Length': '378', 'Via': '1.1 vegur'}</msg>
<msg timestamp="20180305 00:41:11.100" level="DEBUG">Response body:
{
  "args": {}, 
  "headers": {
    "Accept": "*/*", 
    "Accept-Encoding": "gzip, deflate", 
    "Connection": "close", 
    "H1": "1", 
    "H2": "2", 
    "H3": "3", 
    "H4": "4", 
    "H5": "5", 
    "H6": "6", 
    "H7": "7", 
    "Host": "httpbin.org", 
    "User-Agent": "python-requests/2.18.4"
  }, 
  "origin": "46.159.247.84", 
  "url": "http://httpbin.org/get"
}
</msg>
<msg timestamp="20180305 00:41:11.100" level="TRACE">Hexadecimal response body:
7b0a20202261726773223a207b7d2c200a20202268656164657273223a207b0a2020202022416363657074223a20222a2f2a222c200a20202020224163636570742d456e636f64696e67223a2022677a69702c206465666c617465222c200a2020202022436f6e6e656374696f6e223a2022636c6f7365222c200a20202020224831223a202231222c200a20202020224832223a202232222c200a20202020224833223a202233222c200a20202020224834223a202234222c200a20202020224835223a202235222c200a20202020224836223a202236222c200a20202020224837223a202237222c200a2020202022486f7374223a20226874747062696e2e6f7267222c200a2020202022557365722d4167656e74223a2022707974686f6e2d72657175657374732f322e31382e34220a20207d2c200a2020226f726967696e223a202234362e3135392e3234372e3834222c200a20202275726c223a2022687474703a2f2f6874747062696e2e6f72672f676574220a7d0a</msg>
<msg timestamp="20180305 00:41:11.100" level="TRACE">Return: None</msg>
<status status="PASS" starttime="20180305 00:41:10.771" endtime="20180305 00:41:11.101"></status>
</kw>
<kw name="Then status code should be" library="httpbin_library.HttpbinLibrary">
<doc>Check if response status code is as expected.</doc>
<arguments>
<arg>${OK}</arg>
</arguments>
<msg timestamp="20180305 00:41:11.102" level="TRACE">Arguments: [ '200' ]</msg>
<msg timestamp="20180305 00:41:11.103" level="DEBUG">Expected status code: 200</msg>
<msg timestamp="20180305 00:41:11.103" level="DEBUG">Actual status code: 200</msg>
<msg timestamp="20180305 00:41:11.103" level="INFO">Response status code is as expected.</msg>
<msg timestamp="20180305 00:41:11.103" level="TRACE">Return: None</msg>
<status status="PASS" starttime="20180305 00:41:11.101" endtime="20180305 00:41:11.104"></status>
</kw>
<kw name="and response body should contain headers" library="httpbin_library.HttpbinLibrary">
<doc>Check if response body contains specified headers.</doc>
<arguments>
<arg>${headers}</arg>
</arguments>
<msg timestamp="20180305 00:41:11.105" level="TRACE">Arguments: [ {'h1': '1', 'h2': '2', 'h3': '3', 'h4': '4', 'h5': '5', 'h6': '6', 'h7': '7'} ]</msg>
<msg timestamp="20180305 00:41:11.106" level="DEBUG">Specified headers:
{'h1': '1', 'h2': '2', 'h3': '3', 'h4': '4', 'h5': '5', 'h6': '6', 'h7': '7'}</msg>
<msg timestamp="20180305 00:41:11.106" level="DEBUG">Actual headers:
{'Accept': '*/*', 'Accept-Encoding': 'gzip, deflate', 'Connection': 'close', 'H1': '1', 'H2': '2', 'H3': '3', 'H4': '4', 'H5': '5', 'H6': '6', 'H7': '7', 'Host': 'httpbin.org', 'User-Agent': 'python-requests/2.18.4'}</msg>
<msg timestamp="20180305 00:41:11.106" level="INFO">Response body contains specified headers.</msg>
<msg timestamp="20180305 00:41:11.107" level="TRACE">Return: None</msg>
<status status="PASS" starttime="20180305 00:41:11.104" endtime="20180305 00:41:11.107"></status>
</kw>
<msg timestamp="20180305 00:41:11.108" level="TRACE">Return: None</msg>
<status status="PASS" starttime="20180305 00:41:10.769" endtime="20180305 00:41:11.109"></status>
</kw>
<status status="PASS" starttime="20180305 00:41:10.768" endtime="20180305 00:41:11.109"></status>
</kw>
<kw name="${headers} = {'Some-long-long-long-long-long-long-long-long-long-long-long-long-long-long-long-long-long-long-long-long-long-long-long-long-long-long-long-long-long-long-header-name': 'Some long long long long lon..." type="foritem">
<kw name="GET request should contain headers">
<arguments>
<arg>&amp;{headers}</arg>
</arguments>
<msg timestamp="20180305 00:41:11.111" level="TRACE">Arguments: [ &amp;{headers}={'Some-long-long-long-long-long-long-long-long-long-long-long-long-long-long-long-long-long-long-long-long-long-long-long-long-long-long-long-long-long-long-header-name': 'Some long long long long long long long long long long long long long long long long long long long long long long long long long long long long long long long long long long long long long long long long long long long long '
[...]
</kw>
<kw name="and number of lines should be" library="httpbin_library.HttpbinLibrary">
<doc>Check if response body contains expected number of lines.</doc>
<arguments>
<arg>${expected_n}</arg>
</arguments>
<msg timestamp="20180305 00:41:15.935" level="TRACE">Arguments: [ '100' ]</msg>
<msg timestamp="20180305 00:41:15.936" level="DEBUG">Expected number of lines: 100</msg>
<msg timestamp="20180305 00:41:15.936" level="DEBUG">Actual number of lines: 100</msg>
<msg timestamp="20180305 00:41:15.936" level="INFO">Response body contains expected number of lines.</msg>
<msg timestamp="20180305 00:41:15.937" level="TRACE">Return: None</msg>
<status status="PASS" starttime="20180305 00:41:15.934" endtime="20180305 00:41:15.937"></status>
</kw>
<msg timestamp="20180305 00:41:15.937" level="TRACE">Return: None</msg>
<status status="PASS" starttime="20180305 00:41:15.439" endtime="20180305 00:41:15.938"></status>
</kw>
<status status="PASS" starttime="20180305 00:41:12.121" endtime="20180305 00:41:15.938" critical="yes"></status>
</test>
<test id="s1-s3-t2" name="Invalid stream">
<kw name="Stream of -7 lines should be invalid">
<msg timestamp="20180305 00:41:15.941" level="TRACE">Arguments: [ ${request_n}='-7' ]</msg>
<kw name="When get stream of ${request_n} lines" library="httpbin_library.HttpbinLibrary">
<doc>Send GET request and receive min(n, 100) lines in response</doc>
<msg timestamp="20180305 00:41:15.942" level="TRACE">Arguments: [ '-7' ]</msg>
<msg timestamp="20180305 00:41:15.946" level="DEBUG">Starting new HTTP connection (1): httpbin.org</msg>
<msg timestamp="20180305 00:41:16.263" level="DEBUG">http://httpbin.org:80 "GET /stream/-7 HTTP/1.1" 404 233</msg>
<msg timestamp="20180305 00:41:16.266" level="INFO">Status code: 404</msg>
<msg timestamp="20180305 00:41:16.266" level="DEBUG">Headers:
{'Connection': 'keep-alive', 'Server': 'meinheld/0.6.1', 'Date': 'Sun, 04 Mar 2018 21:41:15 GMT', 'Content-Type': 'text/html', 'Content-Length': '233', 'Access-Control-Allow-Origin': '*', 'Access-Control-Allow-Credentials': 'true', 'X-Powered-By': 'Flask', 'X-Processed-Time': '0', 'Via': '1.1 vegur'}</msg>
<msg timestamp="20180305 00:41:16.266" level="DEBUG">Response body:
&lt;!DOCTYPE HTML PUBLIC "-//W3C//DTD HTML 3.2 Final//EN"&gt;
&lt;title&gt;404 Not Found&lt;/title&gt;
&lt;h1&gt;Not Found&lt;/h1&gt;
&lt;p&gt;The requested URL was not found on the server.  If you entered the URL manually please check your spelling and try again.&lt;/p&gt;
</msg>
<msg timestamp="20180305 00:41:16.266" level="TRACE">Hexadecimal response body:
3c21444f43545950452048544d4c205055424c494320222d2f2f5733432f2f4454442048544d4c20332e322046696e616c2f2f454e223e0a3c7469746c653e343034204e6f7420466f756e643c2f7469746c653e0a3c68313e4e6f7420466f756e643c2f68313e0a3c703e546865207265717565737465642055524c20776173206e6f7420666f756e64206f6e20746865207365727665722e2020496620796f7520656e7465726564207468652055524c206d616e75616c6c7920706c6561736520636865636b20796f7572207370656c6c696e6720616e642074727920616761696e2e3c2f703e0a</msg>
<msg timestamp="20180305 00:41:16.267" level="TRACE">Return: None</msg>
<status status="PASS" starttime="20180305 00:41:15.941" endtime="20180305 00:41:16.267"></status>
</kw>
<kw name="Then status code should be" library="httpbin_library.HttpbinLibrary">
<doc>Check if response status code is as expected.</doc>
<arguments>
<arg>${NOT FOUND}</arg>
</arguments>
<msg timestamp="20180305 00:41:16.269" level="TRACE">Arguments: [ '404' ]</msg>
<msg timestamp="20180305 00:41:16.269" level="DEBUG">Expected status code: 404</msg>
<msg timestamp="20180305 00:41:16.269" level="DEBUG">Actual status code: 404</msg>
<msg timestamp="20180305 00:41:16.270" level="INFO">Response status code is as expected.</msg>
<msg timestamp="20180305 00:41:16.270" level="TRACE">Return: None</msg>
<status status="PASS" starttime="20180305 00:41:16.268" endtime="20180305 00:41:16.270"></status>
</kw>
<msg timestamp="20180305 00:41:16.270" level="TRACE">Return: None</msg>
<status status="PASS" starttime="20180305 00:41:15.940" endtime="20180305 00:41:16.271"></status>
</kw>
<kw name="Stream of 3.14 lines should be invalid">
<msg timestamp="20180305 00:41:16.272" level="TRACE">Arguments: [ ${request_n}='3.14' ]</msg>
<kw name="When get stream of ${request_n} lines" library="httpbin_library.HttpbinLibrary">
<doc>Send GET request and receive min(n, 100) lines in response</doc>
<msg timestamp="20180305 00:41:16.274" level="TRACE">Arguments: [ '3.14' ]</msg>
<msg timestamp="20180305 00:41:16.283" level="DEBUG">Starting new HTTP connection (1): httpbin.org</msg>
<msg timestamp="20180305 00:41:16.594" level="DEBUG">http://httpbin.org:80 "GET /stream/3.14 HTTP/1.1" 404 233</msg>
<msg timestamp="20180305 00:41:16.597" level="INFO">Status code: 404</msg>
<msg timestamp="20180305 00:41:16.597" level="DEBUG">Headers:
{'Connection': 'keep-alive', 'Server': 'meinheld/0.6.1', 'Date': 'Sun, 04 Mar 2018 21:41:16 GMT', 'Content-Type': 'text/html', 'Content-Length': '233', 'Access-Control-Allow-Origin': '*', 'Access-Control-Allow-Credentials': 'true', 'X-Powered-By': 'Flask', 'X-Processed-Time': '0', 'Via': '1.1 vegur'}</msg>
<msg timestamp="20180305 00:41:16.597" level="DEBUG">Response body:
&lt;!DOCTYPE HTML PUBLIC "-//W3C//DTD HTML 3.2 Final//EN"&gt;
&lt;title&gt;404 Not Found&lt;/title&gt;
&lt;h1&gt;Not Found&lt;/h1&gt;
&lt;p&gt;The requested URL was not found on the server.  If you entered the URL manually please check your spelling and try again.&lt;/p&gt;
</msg>
<msg timestamp="20180305 00:41:16.597" level="TRACE">Hexadecimal response body:
3c21444f43545950452048544d4c205055424c494320222d2f2f5733432f2f4454442048544d4c20332e322046696e616c2f2f454e223e0a3c7469746c653e343034204e6f7420466f756e643c2f7469746c653e0a3c68313e4e6f7420466f756e643c2f68313e0a3c703e546865207265717565737465642055524c20776173206e6f7420666f756e64206f6e20746865207365727665722e2020496620796f7520656e7465726564207468652055524c206d616e75616c6c7920706c6561736520636865636b20796f7572207370656c6c696e6720616e642074727920616761696e2e3c2f703e0a</msg>
<msg timestamp="20180305 00:41:16.598" level="TRACE">Return: None</msg>
<status status="PASS" starttime="20180305 00:41:16.274" endtime="20180305 00:41:16.598"></status>
</kw>
<kw name="Then status code should be" library="httpbin_library.HttpbinLibrary">
<doc>Check if response status code is as expected.</doc>
<arguments>
<arg>${NOT FOUND}</arg>
</arguments>
<msg timestamp="20180305 00:41:16.600" level="TRACE">Arguments: [ '404' ]</msg>
<msg timestamp="20180305 00:41:16.600" level="DEBUG">Expected status code: 404</msg>
<msg timestamp="20180305 00:41:16.600" level="DEBUG">Actual status code: 404</msg>
<msg timestamp="20180305 00:41:16.601" level="INFO">Response status code is as expected.</msg>
<msg timestamp="20180305 00:41:16.601" level="TRACE">Return: None</msg>
<status status="PASS" starttime="20180305 00:41:16.599" endtime="20180305 00:41:16.601"></status>
</kw>
<msg timestamp="20180305 00:41:16.602" level="TRACE">Return: None</msg>
<status status="PASS" starttime="20180305 00:41:16.272" endtime="20180305 00:41:16.602"></status>
</kw>
<kw name="Stream of x lines should be invalid">
<msg timestamp="20180305 00:41:16.604" level="TRACE">Arguments: [ ${request_n}='x' ]</msg>
<kw name="When get stream of ${request_n} lines" library="httpbin_library.HttpbinLibrary">
<doc>Send GET request and receive min(n, 100) lines in response</doc>
<msg timestamp="20180305 00:41:16.606" level="TRACE">Arguments: [ 'x' ]</msg>
<msg timestamp="20180305 00:41:16.613" level="DEBUG">Starting new HTTP connection (1): httpbin.org</msg>
<msg timestamp="20180305 00:41:16.941" level="DEBUG">http://httpbin.org:80 "GET /stream/x HTTP/1.1" 404 233</msg>
<msg timestamp="20180305 00:41:16.942" level="INFO">Status code: 404</msg>
<msg timestamp="20180305 00:41:16.943" level="DEBUG">Headers:
{'Connection': 'keep-alive', 'Server': 'meinheld/0.6.1', 'Date': 'Sun, 04 Mar 2018 21:41:16 GMT', 'Content-Type': 'text/html', 'Content-Length': '233', 'Access-Control-Allow-Origin': '*', 'Access-Control-Allow-Credentials': 'true', 'X-Powered-By': 'Flask', 'X-Processed-Time': '0', 'Via': '1.1 vegur'}</msg>
<msg timestamp="20180305 00:41:16.943" level="DEBUG">Response body:
&lt;!DOCTYPE HTML PUBLIC "-//W3C//DTD HTML 3.2 Final//EN"&gt;
&lt;title&gt;404 Not Found&lt;/title&gt;
&lt;h1&gt;Not Found&lt;/h1&gt;
&lt;p&gt;The requested URL was not found on the server.  If you entered the URL manually please check your spelling and try again.&lt;/p&gt;
</msg>
<msg timestamp="20180305 00:41:16.943" level="TRACE">Hexadecimal response body:
3c21444f43545950452048544d4c205055424c494320222d2f2f5733432f2f4454442048544d4c20332e322046696e616c2f2f454e223e0a3c7469746c653e343034204e6f7420466f756e643c2f7469746c653e0a3c68313e4e6f7420466f756e643c2f68313e0a3c703e546865207265717565737465642055524c20776173206e6f7420666f756e64206f6e20746865207365727665722e2020496620796f7520656e7465726564207468652055524c206d616e75616c6c7920706c6561736520636865636b20796f7572207370656c6c696e6720616e642074727920616761696e2e3c2f703e0a</msg>
<msg timestamp="20180305 00:41:16.944" level="TRACE">Return: None</msg>
<status status="PASS" starttime="20180305 00:41:16.605" endtime="20180305 00:41:16.944"></status>
</kw>
<kw name="Then status code should be" library="httpbin_library.HttpbinLibrary">
<doc>Check if response status code is as expected.</doc>
<arguments>
<arg>${NOT FOUND}</arg>
</arguments>
<msg timestamp="20180305 00:41:16.946" level="TRACE">Arguments: [ '404' ]</msg>
<msg timestamp="20180305 00:41:16.946" level="DEBUG">Expected status code: 404</msg>
<msg timestamp="20180305 00:41:16.946" level="DEBUG">Actual status code: 404</msg>
<msg timestamp="20180305 00:41:16.946" level="INFO">Response status code is as expected.</msg>
<msg timestamp="20180305 00:41:16.947" level="TRACE">Return: None</msg>
<status status="PASS" starttime="20180305 00:41:16.945" endtime="20180305 00:41:16.947"></status>
</kw>
<msg timestamp="20180305 00:41:16.947" level="TRACE">Return: None</msg>
<status status="PASS" starttime="20180305 00:41:16.603" endtime="20180305 00:41:16.948"></status>
</kw>
<kw name="Stream of nnn lines should be invalid">
<msg timestamp="20180305 00:41:16.949" level="TRACE">Arguments: [ ${request_n}='nnn' ]</msg>
<kw name="When get stream of ${request_n} lines" library="httpbin_library.HttpbinLibrary">
<doc>Send GET request and receive min(n, 100) lines in response</doc>
<msg timestamp="20180305 00:41:16.951" level="TRACE">Arguments: [ 'nnn' ]</msg>
<msg timestamp="20180305 00:41:16.958" level="DEBUG">Starting new HTTP connection (1): httpbin.org</msg>
<msg timestamp="20180305 00:41:17.277" level="DEBUG">http://httpbin.org:80 "GET /stream/nnn HTTP/1.1" 404 233</msg>
<msg timestamp="20180305 00:41:17.279" level="INFO">Status code: 404</msg>
<msg timestamp="20180305 00:41:17.279" level="DEBUG">Headers:
{'Connection': 'keep-alive', 'Server': 'meinheld/0.6.1', 'Date': 'Sun, 04 Mar 2018 21:41:17 GMT', 'Content-Type': 'text/html', 'Content-Length': '233', 'Access-Control-Allow-Origin': '*', 'Access-Control-Allow-Credentials': 'true', 'X-Powered-By': 'Flask', 'X-Processed-Time': '0', 'Via': '1.1 vegur'}</msg>
<msg timestamp="20180305 00:41:17.280" level="DEBUG">Response body:
&lt;!DOCTYPE HTML PUBLIC "-//W3C//DTD HTML 3.2 Final//EN"&gt;
&lt;title&gt;404 Not Found&lt;/title&gt;
&lt;h1&gt;Not Found&lt;/h1&gt;
&lt;p&gt;The requested URL was not found on the server.  If you entered the URL manually please check your spelling and try again.&lt;/p&gt;
</msg>
<msg timestamp="20180305 00:41:17.280" level="TRACE">Hexadecimal response body:
3c21444f43545950452048544d4c205055424c494320222d2f2f5733432f2f4454442048544d4c20332e322046696e616c2f2f454e223e0a3c7469746c653e343034204e6f7420466f756e643c2f7469746c653e0a3c68313e4e6f7420466f756e643c2f68313e0a3c703e546865207265717565737465642055524c20776173206e6f7420666f756e64206f6e20746865207365727665722e2020496620796f7520656e7465726564207468652055524c206d616e75616c6c7920706c6561736520636865636b20796f7572207370656c6c696e6720616e642074727920616761696e2e3c2f703e0a</msg>
<msg timestamp="20180305 00:41:17.280" level="TRACE">Return: None</msg>
<status status="PASS" starttime="20180305 00:41:16.951" endtime="20180305 00:41:17.280"></status>
</kw>
<kw name="Then status code should be" library="httpbin_library.HttpbinLibrary">
<doc>Check if response status code is as expected.</doc>
<arguments>
<arg>${NOT FOUND}</arg>
</arguments>
<msg timestamp="20180305 00:41:17.282" level="TRACE">Arguments: [ '404' ]</msg>
<msg timestamp="20180305 00:41:17.282" level="DEBUG">Expected status code: 404</msg>
<msg timestamp="20180305 00:41:17.283" level="DEBUG">Actual status code: 404</msg>
<msg timestamp="20180305 00:41:17.283" level="INFO">Response status code is as expected.</msg>
<msg timestamp="20180305 00:41:17.283" level="TRACE">Return: None</msg>
<status status="PASS" starttime="20180305 00:41:17.281" endtime="20180305 00:41:17.283"></status>
</kw>
<msg timestamp="20180305 00:41:17.284" level="TRACE">Return: None</msg>
<status status="PASS" starttime="20180305 00:41:16.949" endtime="20180305 00:41:17.284"></status>
</kw>
<kw name="Stream of ?n=5 lines should be invalid">
<msg timestamp="20180305 00:41:17.286" level="TRACE">Arguments: [ ${request_n}='?n=5' ]</msg>
<kw name="When get stream of ${request_n} lines" library="httpbin_library.HttpbinLibrary">
<doc>Send GET request and receive min(n, 100) lines in response</doc>
<msg timestamp="20180305 00:41:17.288" level="TRACE">Arguments: [ '?n=5' ]</msg>
<msg timestamp="20180305 00:41:17.295" level="DEBUG">Starting new HTTP connection (1): httpbin.org</msg>
<msg timestamp="20180305 00:41:17.620" level="DEBUG">http://httpbin.org:80 "GET /stream/?n=5 HTTP/1.1" 404 233</msg>
<msg timestamp="20180305 00:41:17.622" level="INFO">Status code: 404</msg>
<msg timestamp="20180305 00:41:17.623" level="DEBUG">Headers:
{'Connection': 'keep-alive', 'Server': 'meinheld/0.6.1', 'Date': 'Sun, 04 Mar 2018 21:41:17 GMT', 'Content-Type': 'text/html', 'Content-Length': '233', 'Access-Control-Allow-Origin': '*', 'Access-Control-Allow-Credentials': 'true', 'X-Powered-By': 'Flask', 'X-Processed-Time': '0', 'Via': '1.1 vegur'}</msg>
<msg timestamp="20180305 00:41:17.623" level="DEBUG">Response body:
&lt;!DOCTYPE HTML PUBLIC "-//W3C//DTD HTML 3.2 Final//EN"&gt;
&lt;title&gt;404 Not Found&lt;/title&gt;
&lt;h1&gt;Not Found&lt;/h1&gt;
&lt;p&gt;The requested URL was not found on the server.  If you entered the URL manually please check your spelling and try again.&lt;/p&gt;
</msg>
<msg timestamp="20180305 00:41:17.623" level="TRACE">Hexadecimal response body:
3c21444f43545950452048544d4c205055424c494320222d2f2f5733432f2f4454442048544d4c20332e322046696e616c2f2f454e223e0a3c7469746c653e343034204e6f7420466f756e643c2f7469746c653e0a3c68313e4e6f7420466f756e643c2f68313e0a3c703e546865207265717565737465642055524c20776173206e6f7420666f756e64206f6e20746865207365727665722e2020496620796f7520656e7465726564207468652055524c206d616e75616c6c7920706c6561736520636865636b20796f7572207370656c6c696e6720616e642074727920616761696e2e3c2f703e0a</msg>
<msg timestamp="20180305 00:41:17.624" level="TRACE">Return: None</msg>
<status status="PASS" starttime="20180305 00:41:17.287" endtime="20180305 00:41:17.624"></status>
</kw>
<kw name="Then status code should be" library="httpbin_library.HttpbinLibrary">
<doc>Check if response status code is as expected.</doc>
<arguments>
<arg>${NOT FOUND}</arg>
</arguments>
<msg timestamp="20180305 00:41:17.626" level="TRACE">Arguments: [ '404' ]</msg>
<msg timestamp="20180305 00:41:17.626" level="DEBUG">Expected status code: 404</msg>
<msg timestamp="20180305 00:41:17.626" level="DEBUG">Actual status code: 404</msg>
<msg timestamp="20180305 00:41:17.627" level="INFO">Response status code is as expected.</msg>
<msg timestamp="20180305 00:41:17.627" level="TRACE">Return: None</msg>
<status status="PASS" starttime="20180305 00:41:17.625" endtime="20180305 00:41:17.627"></status>
</kw>
<msg timestamp="20180305 00:41:17.628" level="TRACE">Return: None</msg>
<status status="PASS" starttime="20180305 00:41:17.285" endtime="20180305 00:41:17.628"></status>
</kw>
<kw name="Stream of ${EMPTY} lines should be invalid">
<msg timestamp="20180305 00:41:17.630" level="TRACE">Arguments: [ ${request_n}='' ]</msg>
<kw name="When get stream of ${request_n} lines" library="httpbin_library.HttpbinLibrary">
<doc>Send GET request and receive min(n, 100) lines in response</doc>
<msg timestamp="20180305 00:41:17.631" level="TRACE">Arguments: [ '' ]</msg>
<msg timestamp="20180305 00:41:17.641" level="DEBUG">Starting new HTTP connection (1): httpbin.org</msg>
<msg timestamp="20180305 00:41:17.959" level="DEBUG">http://httpbin.org:80 "GET /stream/ HTTP/1.1" 404 233</msg>
<msg timestamp="20180305 00:41:17.961" level="INFO">Status code: 404</msg>
<msg timestamp="20180305 00:41:17.962" level="DEBUG">Headers:
{'Connection': 'keep-alive', 'Server': 'meinheld/0.6.1', 'Date': 'Sun, 04 Mar 2018 21:41:17 GMT', 'Content-Type': 'text/html', 'Content-Length': '233', 'Access-Control-Allow-Origin': '*', 'Access-Control-Allow-Credentials': 'true', 'X-Powered-By': 'Flask', 'X-Processed-Time': '0', 'Via': '1.1 vegur'}</msg>
<msg timestamp="20180305 00:41:17.962" level="DEBUG">Response body:
&lt;!DOCTYPE HTML PUBLIC "-//W3C//DTD HTML 3.2 Final//EN"&gt;
&lt;title&gt;404 Not Found&lt;/title&gt;
&lt;h1&gt;Not Found&lt;/h1&gt;
&lt;p&gt;The requested URL was not found on the server.  If you entered the URL manually please check your spelling and try again.&lt;/p&gt;
</msg>
<msg timestamp="20180305 00:41:17.963" level="TRACE">Hexadecimal response body:
3c21444f43545950452048544d4c205055424c494320222d2f2f5733432f2f4454442048544d4c20332e322046696e616c2f2f454e223e0a3c7469746c653e343034204e6f7420466f756e643c2f7469746c653e0a3c68313e4e6f7420466f756e643c2f68313e0a3c703e546865207265717565737465642055524c20776173206e6f7420666f756e64206f6e20746865207365727665722e2020496620796f7520656e7465726564207468652055524c206d616e75616c6c7920706c6561736520636865636b20796f7572207370656c6c696e6720616e642074727920616761696e2e3c2f703e0a</msg>
<msg timestamp="20180305 00:41:17.963" level="TRACE">Return: None</msg>
<status status="PASS" starttime="20180305 00:41:17.631" endtime="20180305 00:41:17.963"></status>
</kw>
<kw name="Then status code should be" library="httpbin_library.HttpbinLibrary">
<doc>Check if response status code is as expected.</doc>
<arguments>
<arg>${NOT FOUND}</arg>
</arguments>
<msg timestamp="20180305 00:41:17.966" level="TRACE">Arguments: [ '404' ]</msg>
<msg timestamp="20180305 00:41:17.966" level="DEBUG">Expected status code: 404</msg>
<msg timestamp="20180305 00:41:17.967" level="DEBUG">Actual status code: 404</msg>
<msg timestamp="20180305 00:41:17.967" level="INFO">Response status code is as expected.</msg>
<msg timestamp="20180305 00:41:17.968" level="TRACE">Return: None</msg>
<status status="PASS" starttime="20180305 00:41:17.965" endtime="20180305 00:41:17.968"></status>
</kw>
<msg timestamp="20180305 00:41:17.969" level="TRACE">Return: None</msg>
<status status="PASS" starttime="20180305 00:41:17.629" endtime="20180305 00:41:17.969"></status>
</kw>
<status status="PASS" starttime="20180305 00:41:15.939" endtime="20180305 00:41:17.970" critical="yes"></status>
</test>
<status status="PASS" starttime="20180305 00:41:12.106" endtime="20180305 00:41:17.972"></status>
</suite>
<status status="PASS" starttime="20180305 00:41:03.743" endtime="20180305 00:41:17.985"></status>
</suite>
<statistics>
<total>
<stat pass="8" fail="0">Critical Tests</stat>
<stat pass="8" fail="0">All Tests</stat>
</total>
<tag>
</tag>
<suite>
<stat pass="8" fail="0" id="s1" name="Httpbin Testsuit">Httpbin Testsuit</stat>
<stat pass="3" fail="0" id="s1-s1" name="Authenticate">Httpbin Testsuit.Authenticate</stat>
<stat pass="3" fail="0" id="s1-s2" name="Get">Httpbin Testsuit.Get</stat>
<stat pass="2" fail="0" id="s1-s3" name="Stream">Httpbin Testsuit.Stream</stat>
</suite>
</statistics>
<errors>
</errors>
</robot>
